{"/Users/mm73779/Documents/Framework/amorphic/components/supertype/dist/decorators.js":{"path":"/Users/mm73779/Documents/Framework/amorphic/components/supertype/dist/decorators.js","statementMap":{"0":{"start":{"line":2,"column":0},"end":{"line":2,"column":62}},"1":{"start":{"line":3,"column":0},"end":{"line":3,"column":88}},"2":{"start":{"line":4,"column":18},"end":{"line":4,"column":40}},"3":{"start":{"line":5,"column":0},"end":{"line":5,"column":118}},"4":{"start":{"line":5,"column":83},"end":{"line":5,"column":112}},"5":{"start":{"line":6,"column":23},"end":{"line":6,"column":50}},"6":{"start":{"line":7,"column":0},"end":{"line":7,"column":28}},"7":{"start":{"line":22,"column":4},"end":{"line":24,"column":5}},"8":{"start":{"line":23,"column":8},"end":{"line":23,"column":38}},"9":{"start":{"line":26,"column":16},"end":{"line":26,"column":27}},"10":{"start":{"line":27,"column":4},"end":{"line":27,"column":21}},"11":{"start":{"line":34,"column":8},"end":{"line":34,"column":75}},"12":{"start":{"line":35,"column":26},"end":{"line":35,"column":91}},"13":{"start":{"line":36,"column":8},"end":{"line":36,"column":47}},"14":{"start":{"line":37,"column":8},"end":{"line":37,"column":39}},"15":{"start":{"line":38,"column":8},"end":{"line":38,"column":35}},"16":{"start":{"line":39,"column":8},"end":{"line":39,"column":51}},"17":{"start":{"line":40,"column":8},"end":{"line":40,"column":55}},"18":{"start":{"line":41,"column":8},"end":{"line":41,"column":55}},"19":{"start":{"line":42,"column":8},"end":{"line":42,"column":39}},"20":{"start":{"line":43,"column":8},"end":{"line":43,"column":35}},"21":{"start":{"line":46,"column":8},"end":{"line":46,"column":74}},"22":{"start":{"line":47,"column":8},"end":{"line":47,"column":50}},"23":{"start":{"line":50,"column":0},"end":{"line":50,"column":40}},"24":{"start":{"line":56,"column":4},"end":{"line":92,"column":6}},"25":{"start":{"line":57,"column":8},"end":{"line":57,"column":28}},"26":{"start":{"line":58,"column":8},"end":{"line":58,"column":32}},"27":{"start":{"line":59,"column":8},"end":{"line":59,"column":110}},"28":{"start":{"line":60,"column":29},"end":{"line":60,"column":82}},"29":{"start":{"line":61,"column":27},"end":{"line":61,"column":37}},"30":{"start":{"line":62,"column":19},"end":{"line":62,"column":91}},"31":{"start":{"line":64,"column":8},"end":{"line":83,"column":9}},"32":{"start":{"line":65,"column":12},"end":{"line":65,"column":64}},"33":{"start":{"line":66,"column":12},"end":{"line":68,"column":14}},"34":{"start":{"line":67,"column":16},"end":{"line":67,"column":95}},"35":{"start":{"line":71,"column":13},"end":{"line":83,"column":9}},"36":{"start":{"line":72,"column":12},"end":{"line":72,"column":111}},"37":{"start":{"line":73,"column":12},"end":{"line":73,"column":63}},"38":{"start":{"line":74,"column":12},"end":{"line":74,"column":33}},"39":{"start":{"line":76,"column":13},"end":{"line":83,"column":9}},"40":{"start":{"line":77,"column":12},"end":{"line":77,"column":64}},"41":{"start":{"line":78,"column":12},"end":{"line":82,"column":14}},"42":{"start":{"line":79,"column":16},"end":{"line":81,"column":67}},"43":{"start":{"line":84,"column":8},"end":{"line":90,"column":9}},"44":{"start":{"line":85,"column":12},"end":{"line":85,"column":31}},"45":{"start":{"line":86,"column":12},"end":{"line":86,"column":28}},"46":{"start":{"line":89,"column":12},"end":{"line":89,"column":30}},"47":{"start":{"line":91,"column":8},"end":{"line":91,"column":52}},"48":{"start":{"line":94,"column":0},"end":{"line":94,"column":28}},"49":{"start":{"line":97,"column":4},"end":{"line":98,"column":6}},"50":{"start":{"line":100,"column":0},"end":{"line":100,"column":24}}},"fnMap":{"0":{"name":"(anonymous_0)","decl":{"start":{"line":5,"column":69},"end":{"line":5,"column":70}},"loc":{"start":{"line":5,"column":81},"end":{"line":5,"column":114}},"line":5},"1":{"name":"supertypeClass","decl":{"start":{"line":17,"column":9},"end":{"line":17,"column":23}},"loc":{"start":{"line":17,"column":53},"end":{"line":49,"column":1}},"line":17},"2":{"name":"decorator","decl":{"start":{"line":33,"column":13},"end":{"line":33,"column":22}},"loc":{"start":{"line":33,"column":31},"end":{"line":48,"column":5}},"line":33},"3":{"name":"property","decl":{"start":{"line":55,"column":9},"end":{"line":55,"column":17}},"loc":{"start":{"line":55,"column":25},"end":{"line":93,"column":1}},"line":55},"4":{"name":"(anonymous_4)","decl":{"start":{"line":56,"column":11},"end":{"line":56,"column":12}},"loc":{"start":{"line":56,"column":40},"end":{"line":92,"column":5}},"line":56},"5":{"name":"(anonymous_5)","decl":{"start":{"line":66,"column":47},"end":{"line":66,"column":48}},"loc":{"start":{"line":66,"column":74},"end":{"line":68,"column":13}},"line":66},"6":{"name":"(anonymous_6)","decl":{"start":{"line":78,"column":47},"end":{"line":78,"column":48}},"loc":{"start":{"line":78,"column":74},"end":{"line":82,"column":13}},"line":78},"7":{"name":"remote","decl":{"start":{"line":96,"column":9},"end":{"line":96,"column":15}},"loc":{"start":{"line":96,"column":32},"end":{"line":99,"column":1}},"line":96},"8":{"name":"(anonymous_8)","decl":{"start":{"line":97,"column":11},"end":{"line":97,"column":12}},"loc":{"start":{"line":97,"column":55},"end":{"line":98,"column":5}},"line":97}},"branchMap":{"0":{"loc":{"start":{"line":22,"column":4},"end":{"line":24,"column":5}},"type":"if","locations":[{"start":{"line":22,"column":4},"end":{"line":24,"column":5}},{"start":{"line":22,"column":4},"end":{"line":24,"column":5}}],"line":22},"1":{"loc":{"start":{"line":34,"column":25},"end":{"line":34,"column":74}},"type":"binary-expr","locations":[{"start":{"line":34,"column":25},"end":{"line":34,"column":39}},{"start":{"line":34,"column":43},"end":{"line":34,"column":74}}],"line":34},"2":{"loc":{"start":{"line":35,"column":63},"end":{"line":35,"column":74}},"type":"binary-expr","locations":[{"start":{"line":35,"column":63},"end":{"line":35,"column":68}},{"start":{"line":35,"column":72},"end":{"line":35,"column":74}}],"line":35},"3":{"loc":{"start":{"line":46,"column":39},"end":{"line":46,"column":73}},"type":"binary-expr","locations":[{"start":{"line":46,"column":39},"end":{"line":46,"column":67}},{"start":{"line":46,"column":71},"end":{"line":46,"column":73}}],"line":46},"4":{"loc":{"start":{"line":57,"column":16},"end":{"line":57,"column":27}},"type":"binary-expr","locations":[{"start":{"line":57,"column":16},"end":{"line":57,"column":21}},{"start":{"line":57,"column":25},"end":{"line":57,"column":27}}],"line":57},"5":{"loc":{"start":{"line":59,"column":35},"end":{"line":59,"column":109}},"type":"cond-expr","locations":[{"start":{"line":59,"column":80},"end":{"line":59,"column":104}},{"start":{"line":59,"column":107},"end":{"line":59,"column":109}}],"line":59},"6":{"loc":{"start":{"line":62,"column":19},"end":{"line":62,"column":91}},"type":"cond-expr","locations":[{"start":{"line":62,"column":46},"end":{"line":62,"column":76}},{"start":{"line":62,"column":79},"end":{"line":62,"column":91}}],"line":62},"7":{"loc":{"start":{"line":62,"column":46},"end":{"line":62,"column":76}},"type":"binary-expr","locations":[{"start":{"line":62,"column":46},"end":{"line":62,"column":58}},{"start":{"line":62,"column":62},"end":{"line":62,"column":76}}],"line":62},"8":{"loc":{"start":{"line":64,"column":8},"end":{"line":83,"column":9}},"type":"if","locations":[{"start":{"line":64,"column":8},"end":{"line":83,"column":9}},{"start":{"line":64,"column":8},"end":{"line":83,"column":9}}],"line":64},"9":{"loc":{"start":{"line":64,"column":12},"end":{"line":64,"column":70}},"type":"binary-expr","locations":[{"start":{"line":64,"column":12},"end":{"line":64,"column":24}},{"start":{"line":64,"column":28},"end":{"line":64,"column":42}},{"start":{"line":64,"column":46},"end":{"line":64,"column":70}}],"line":64},"10":{"loc":{"start":{"line":65,"column":36},"end":{"line":65,"column":63}},"type":"binary-expr","locations":[{"start":{"line":65,"column":36},"end":{"line":65,"column":57}},{"start":{"line":65,"column":61},"end":{"line":65,"column":63}}],"line":65},"11":{"loc":{"start":{"line":71,"column":13},"end":{"line":83,"column":9}},"type":"if","locations":[{"start":{"line":71,"column":13},"end":{"line":83,"column":9}},{"start":{"line":71,"column":13},"end":{"line":83,"column":9}}],"line":71},"12":{"loc":{"start":{"line":72,"column":38},"end":{"line":72,"column":110}},"type":"cond-expr","locations":[{"start":{"line":72,"column":82},"end":{"line":72,"column":105}},{"start":{"line":72,"column":108},"end":{"line":72,"column":110}}],"line":72},"13":{"loc":{"start":{"line":76,"column":13},"end":{"line":83,"column":9}},"type":"if","locations":[{"start":{"line":76,"column":13},"end":{"line":83,"column":9}},{"start":{"line":76,"column":13},"end":{"line":83,"column":9}}],"line":76},"14":{"loc":{"start":{"line":77,"column":36},"end":{"line":77,"column":63}},"type":"binary-expr","locations":[{"start":{"line":77,"column":36},"end":{"line":77,"column":57}},{"start":{"line":77,"column":61},"end":{"line":77,"column":63}}],"line":77},"15":{"loc":{"start":{"line":84,"column":8},"end":{"line":90,"column":9}},"type":"if","locations":[{"start":{"line":84,"column":8},"end":{"line":90,"column":9}},{"start":{"line":84,"column":8},"end":{"line":90,"column":9}}],"line":84}},"s":{"0":0,"1":0,"2":0,"3":0,"4":0,"5":0,"6":0,"7":0,"8":0,"9":0,"10":0,"11":0,"12":0,"13":0,"14":0,"15":0,"16":0,"17":0,"18":0,"19":0,"20":0,"21":0,"22":0,"23":0,"24":0,"25":0,"26":0,"27":0,"28":0,"29":0,"30":0,"31":0,"32":0,"33":0,"34":0,"35":0,"36":0,"37":0,"38":0,"39":0,"40":0,"41":0,"42":0,"43":0,"44":0,"45":0,"46":0,"47":0,"48":0,"49":0,"50":0},"f":{"0":0,"1":0,"2":0,"3":0,"4":0,"5":0,"6":0,"7":0,"8":0},"b":{"0":[0,0],"1":[0,0],"2":[0,0],"3":[0,0],"4":[0,0],"5":[0,0],"6":[0,0],"7":[0,0],"8":[0,0],"9":[0,0,0],"10":[0,0],"11":[0,0],"12":[0,0],"13":[0,0],"14":[0,0],"15":[0,0]},"inputSourceMap":{"version":3,"file":"decorators.js","sourceRoot":"","sources":["../src/decorators.ts"],"names":[],"mappings":";;;AAAA,yCAAwC;AAA/B,sGAAA,SAAS,OAAA;AAClB,mDAAkD;AAGlD,4BAA0B;AAE1B;;;;;;;;MAQM;AACN,SAAgB,cAAc,CAAC,WAAY,EAAE,cAAe;IAExD,sFAAsF;IACtF,oFAAoF;IACpF,8FAA8F;IAE9F,gCAAgC;IAChC,IAAI,WAAW,CAAC,SAAS,EAAE,EAAE,wIAAwI;QACjK,OAAO,SAAS,CAAC,WAAW,CAAC,CAAC;KACjC;IAED,mCAAmC;IACnC,IAAI,KAAK,GAAG,WAAW,CAAC;IACxB,OAAO,SAAS,CAAC;IAEjB,sBAAsB;IAEtB;;;OAGG;IACH,SAAS,SAAS,CAAC,MAAM;QACrB,cAAc,GAAG,cAAc,IAAI,+BAAc,CAAC;QAClD,IAAI,WAAW,GAAG,cAAc,CAAC,qBAAqB,CAAC,KAAK,IAAI,EAAE,EAAE,cAAc,CAAC,CAAC;QAEpF,MAAM,CAAC,SAAS,CAAC,YAAY,GAAG,MAAM,CAAC;QACvC,MAAM,CAAC,gBAAgB,GAAG,IAAI,CAAC;QAC/B,MAAM,CAAC,cAAc,GAAG,EAAE,CAAC;QAC3B,MAAM,CAAC,kBAAkB,GAAG,cAAc,CAAC;QAC3C,MAAM,CAAC,YAAY,GAAG,WAAW,CAAC,YAAY,CAAC;QAC/C,MAAM,CAAC,YAAY,GAAG,WAAW,CAAC,YAAY,CAAC;QAC/C,MAAM,CAAC,kBAAkB,GAAG,EAAE,CAAC;QAC/B,MAAM,CAAC,cAAc,GAAG,EAAE,CAAC;QAG3B,yFAAyF;QACzF,uCAAuC;QACvC,cAAc,CAAC,aAAa,GAAG,cAAc,CAAC,aAAa,IAAI,EAAE,CAAC;QAClE,cAAc,CAAC,aAAa,CAAC,IAAI,CAAC,MAAM,CAAC,CAAC;IAC9C,CAAC;AACL,CAAC;AAxCD,wCAwCC;AAGD;;;GAGG;AACH,SAAgB,QAAQ,CAAC,KAAM;IAC3B,OAAO,UAAU,MAAM,EAAE,SAAS;QAC9B,KAAK,GAAG,KAAK,IAAI,EAAE,CAAC;QACpB,KAAK,CAAC,UAAU,GAAG,IAAI,CAAC;QACxB,MAAM,CAAC,iBAAiB,GAAG,MAAM,CAAC,cAAc,CAAC,mBAAmB,CAAC,CAAC,CAAC,CAAC,MAAM,CAAC,iBAAiB,CAAC,CAAC,CAAC,EAAE,CAAC;QACtG,IAAI,cAAc,GAAG,OAAO,CAAC,WAAW,CAAC,aAAa,EAAE,MAAM,EAAE,SAAS,CAAC,CAAC;QAC3E,IAAI,YAAY,GAAG,KAAK,CAAC,IAAI,CAAC;QAC9B,IAAI,IAAI,GAAG,cAAc,KAAK,KAAK,CAAC,CAAC,CAAC,YAAY,IAAI,cAAc,CAAC,CAAC,CAAC,YAAY,CAAC;QACxF,kBAAkB;QACd,IAAI,YAAY,IAAI,cAAc,IAAI,cAAc,KAAK,KAAK,EAAE;YAC5D,MAAM,CAAC,cAAc,GAAG,MAAM,CAAC,cAAc,IAAI,EAAE,CAAC;YACpD,MAAM,CAAC,cAAc,CAAC,SAAS,CAAC,GAAG,UAAU,SAAS,EAAE,IAAI;gBACxD,OAAO,SAAS,GAAG,GAAG,GAAG,IAAI,GAAG,8CAA8C,CAAC;YACnF,CAAC,CAAC;YACV,gBAAgB;SACX;aACI,IAAI,OAAO,KAAK,CAAC,OAAO,KAAK,UAAU,EAAE;YAC1C,MAAM,CAAC,gBAAgB,GAAG,MAAM,CAAC,cAAc,CAAC,kBAAkB,CAAC,CAAC,CAAC,CAAC,MAAM,CAAC,gBAAgB,CAAC,CAAC,CAAC,EAAE,CAAC;YACnG,MAAM,CAAC,gBAAgB,CAAC,SAAS,CAAC,GAAG,KAAK,CAAC,OAAO,CAAC;YACnD,OAAO,KAAK,CAAC,OAAO,CAAC;SACxB;aACI,IAAI,CAAC,IAAI,EAAE;YACZ,MAAM,CAAC,cAAc,GAAG,MAAM,CAAC,cAAc,IAAI,EAAE,CAAC;YACpD,MAAM,CAAC,cAAc,CAAC,SAAS,CAAC,GAAG,UAAU,SAAS,EAAE,IAAI;gBACxD,OAAO,SAAS,GAAG,GAAG,GAAG,IAAI;oBAC7B,kFAAkF;oBAClF,IAAI,CAAC,CAAC,CAAC,CAAC,WAAW,EAAE,GAAG,IAAI,CAAC,MAAM,CAAC,CAAC,CAAC,GAAG,KAAK,CAAC;YAEnD,CAAC,CAAC;SACL;QACD,IAAI,cAAc,KAAK,KAAK,EAAE;YAC1B,KAAK,CAAC,IAAI,GAAG,KAAK,CAAC;YACnB,KAAK,CAAC,EAAE,GAAG,IAAI,CAAC;SACnB;aACI;YACD,KAAK,CAAC,IAAI,GAAG,IAAI,CAAC;SACrB;QACD,MAAM,CAAC,iBAAiB,CAAC,SAAS,CAAC,GAAG,KAAK,CAAC;IAChD,CAAC,CAAC;AACN,CAAC;AAvCD,4BAuCC;AAAA,CAAC;AAEF,SAAgB,MAAM,CAAC,cAAc;IACjC,OAAO,UAAU,MAAM,EAAE,YAAY,EAAE,UAAU;IACjD,CAAC,CAAA;AACL,CAAC;AAHD,wBAGC","sourcesContent":["export { Supertype } from './Supertype';\nimport { ObjectTemplate } from './ObjectTemplate';\n\n\nimport 'reflect-metadata';\n\n/**\n    * \n    * @param {*} objectProps- optional property for passing params into supertypeclass, if no params, is undefined,\n    *                      first param of this function defaults to objectTemplate instead\n    * @param {*} objectTemplate \n    * \n    * @TODO: fix return types\n    * https://github.com/haven-life/supertype/issues/6\n    */\nexport function supertypeClass(objectProps?, objectTemplate?): any {\n\n    // When used as @supertypeClass({bla bla bla}), the decorator is first called as it is\n    // is being passed into the decorator processor and so it needs to return a function\n    // so that it will be called again when the decorators are actually processed.  Kinda spliffy.\n\n    // Called by decorator processor\n    if (objectProps.prototype) { // if objectProps is the class (second pass if passed with {toClient style params} or first pass when @supertypeClass no paren and args)\n        return decorator(objectProps);\n    }\n\n    // Called first time with parameter\n    var props = objectProps;\n    return decorator;\n\n    // Decorator Workerbee\n\n    /**\n     * Target here is the class definition\n     * @param target\n     */\n    function decorator(target) {\n        objectTemplate = objectTemplate || ObjectTemplate;\n        var createProps = objectTemplate.getTemplateProperties(props || {}, objectTemplate);\n\n        target.prototype.__template__ = target;\n        target.isObjectTemplate = true;\n        target.__injections__ = [];\n        target.__objectTemplate__ = objectTemplate;\n        target.__toClient__ = createProps.__toClient__;\n        target.__toServer__ = createProps.__toServer__;\n        target.__shadowChildren__ = [];\n        target.__injections__ = [];\n\n\n        // Push an array of template references (we can't get at their names now).  Later we will\n        // use this to construct __dictionary__\n        objectTemplate.__templates__ = objectTemplate.__templates__ || [];\n        objectTemplate.__templates__.push(target);\n    }\n}\n\n\n/**\n * Target here is the object\n * @param props\n */\nexport function property(props?): any {\n    return function (target, targetKey) {\n        props = props || {};\n        props.enumerable = true;\n        target.__amorphicprops__ = target.hasOwnProperty('__amorphicprops__') ? target.__amorphicprops__ : {};\n        var reflectionType = Reflect.getMetadata('design:type', target, targetKey);\n        var declaredType = props.type;\n        var type = reflectionType !== Array ? declaredType || reflectionType : declaredType;\n    // Type mismatches\n        if (declaredType && reflectionType && reflectionType !== Array) {\n            target.__exceptions__ = target.__exceptions__ || {};\n            target.__exceptions__[targetKey] = function (className, prop) {\n                return className + '.' + prop + ' - decorator type does not match actual type';\n            };\n    // Deferred type\n        }\n        else if (typeof props.getType === 'function') {\n            target.__deferredType__ = target.hasOwnProperty('__deferredType__') ? target.__deferredType__ : {};\n            target.__deferredType__[targetKey] = props.getType;\n            delete props.getType;\n        }\n        else if (!type) {\n            target.__exceptions__ = target.__exceptions__ || {};\n            target.__exceptions__[targetKey] = function (className, prop) {\n                return className + '.' + prop +\n                ' - type is undefined. Circular reference? Try @property({getType: () => {return ' +\n                prop[0].toUpperCase() + prop.substr(1) + '}})';\n\n            };\n        }\n        if (reflectionType === Array) {\n            props.type = Array;\n            props.of = type;\n        }\n        else {\n            props.type = type;\n        }\n        target.__amorphicprops__[targetKey] = props;\n    };\n};\n\nexport function remote(defineProperty) {\n    return function (target, propertyName, descriptor) {\n    }\n}"]},"all":true},"/Users/mm73779/Documents/Framework/amorphic/components/supertype/dist/index.js":{"path":"/Users/mm73779/Documents/Framework/amorphic/components/supertype/dist/index.js","statementMap":{"0":{"start":{"line":22,"column":0},"end":{"line":22,"column":62}},"1":{"start":{"line":23,"column":0},"end":{"line":23,"column":189}},"2":{"start":{"line":24,"column":23},"end":{"line":24,"column":50}},"3":{"start":{"line":25,"column":0},"end":{"line":25,"column":39}},"4":{"start":{"line":26,"column":0},"end":{"line":26,"column":50}},"5":{"start":{"line":27,"column":21},"end":{"line":27,"column":67}},"6":{"start":{"line":28,"column":0},"end":{"line":28,"column":40}},"7":{"start":{"line":29,"column":23},"end":{"line":29,"column":69}},"8":{"start":{"line":30,"column":0},"end":{"line":30,"column":44}},"9":{"start":{"line":31,"column":21},"end":{"line":31,"column":46}},"10":{"start":{"line":32,"column":0},"end":{"line":32,"column":127}},"11":{"start":{"line":32,"column":86},"end":{"line":32,"column":121}},"12":{"start":{"line":33,"column":24},"end":{"line":33,"column":52}},"13":{"start":{"line":34,"column":0},"end":{"line":34,"column":136}},"14":{"start":{"line":34,"column":89},"end":{"line":34,"column":130}},"15":{"start":{"line":35,"column":18},"end":{"line":35,"column":40}},"16":{"start":{"line":36,"column":0},"end":{"line":36,"column":118}},"17":{"start":{"line":36,"column":83},"end":{"line":36,"column":112}},"18":{"start":{"line":37,"column":19},"end":{"line":37,"column":42}},"19":{"start":{"line":38,"column":0},"end":{"line":38,"column":129}},"20":{"start":{"line":38,"column":88},"end":{"line":38,"column":123}},"21":{"start":{"line":39,"column":0},"end":{"line":39,"column":117}},"22":{"start":{"line":39,"column":82},"end":{"line":39,"column":111}},"23":{"start":{"line":40,"column":0},"end":{"line":40,"column":113}},"24":{"start":{"line":40,"column":80},"end":{"line":40,"column":107}}},"fnMap":{"0":{"name":"(anonymous_0)","decl":{"start":{"line":32,"column":72},"end":{"line":32,"column":73}},"loc":{"start":{"line":32,"column":84},"end":{"line":32,"column":123}},"line":32},"1":{"name":"(anonymous_1)","decl":{"start":{"line":34,"column":75},"end":{"line":34,"column":76}},"loc":{"start":{"line":34,"column":87},"end":{"line":34,"column":132}},"line":34},"2":{"name":"(anonymous_2)","decl":{"start":{"line":36,"column":69},"end":{"line":36,"column":70}},"loc":{"start":{"line":36,"column":81},"end":{"line":36,"column":114}},"line":36},"3":{"name":"(anonymous_3)","decl":{"start":{"line":38,"column":74},"end":{"line":38,"column":75}},"loc":{"start":{"line":38,"column":86},"end":{"line":38,"column":125}},"line":38},"4":{"name":"(anonymous_4)","decl":{"start":{"line":39,"column":68},"end":{"line":39,"column":69}},"loc":{"start":{"line":39,"column":80},"end":{"line":39,"column":113}},"line":39},"5":{"name":"(anonymous_5)","decl":{"start":{"line":40,"column":66},"end":{"line":40,"column":67}},"loc":{"start":{"line":40,"column":78},"end":{"line":40,"column":109}},"line":40}},"branchMap":{},"s":{"0":0,"1":0,"2":0,"3":0,"4":0,"5":0,"6":0,"7":0,"8":0,"9":0,"10":0,"11":0,"12":0,"13":0,"14":0,"15":0,"16":0,"17":0,"18":0,"19":0,"20":0,"21":0,"22":0,"23":0,"24":0},"f":{"0":0,"1":0,"2":0,"3":0,"4":0,"5":0},"b":{},"inputSourceMap":{"version":3,"file":"index.js","sourceRoot":"","sources":["../src/index.ts"],"names":[],"mappings":";AAAA;;;;;;;;;;;;;;;;;;;GAmBG;;;AAEH,mDAAkD;AAElD,+BAAc,CAAC,IAAI,EAAE,CAAC;AACtB,kBAAe,+BAAc,CAAC;AAE9B,IAAI,cAAc,GAAG,+BAAc,CAAC,cAAc,CAAC;AAK1C,wCAAc;AAJvB,IAAI,gBAAgB,GAAG,+BAAc,CAAC,cAAc,CAAC;AAI5B,4CAAgB;AAFzC,+CAA8C;AAArC,4GAAA,YAAY,OAAA;AAGrB,qDAAoD;AAA3C,kHAAA,eAAe,OAAA;AACxB,yCAAmG;AAA1F,sGAAA,SAAS,OAAA;AAClB,2CAAgE;AAAvD,4GAAA,cAAc,OAAA;AAAE,sGAAA,QAAQ,OAAA;AAAE,oGAAA,MAAM,OAAA","sourcesContent":["/* Copyright 2011-2012 Sam Elsamman\n Permission is hereby granted, free of charge, to any person obtaining\n a copy of this software and associated documentation files (the\n \"Software\"), to deal in the Software without restriction, including\n without limitation the rights to use, copy, modify, merge, publish,\n distribute, sublicense, and/or sell copies of the Software, and to\n permit persons to whom the Software is furnished to do so, subject to\n the following conditions:\n\n The above copyright notice and this permission notice shall be\n included in all copies or substantial portions of the Software.\n\n THE SOFTWARE IS PROVIDED \"AS IS\", WITHOUT WARRANTY OF ANY KIND,\n EXPRESS OR IMPLIED, INCLUDING BUT NOT LIMITED TO THE WARRANTIES OF\n MERCHANTABILITY, FITNESS FOR A PARTICULAR PURPOSE AND\n NONINFRINGEMENT. IN NO EVENT SHALL THE AUTHORS OR COPYRIGHT HOLDERS BE\n LIABLE FOR ANY CLAIM, DAMAGES OR OTHER LIABILITY, WHETHER IN AN ACTION\n OF CONTRACT, TORT OR OTHERWISE, ARISING FROM, OUT OF OR IN CONNECTION\n WITH THE SOFTWARE OR THE USE OR OTHER DEALINGS IN THE SOFTWARE.\n */\n\nimport { ObjectTemplate } from './ObjectTemplate';\n\nObjectTemplate.init();\nexport default ObjectTemplate;\n\nlet amorphicStatic = ObjectTemplate.amorphicStatic;\nlet SupertypeSession = ObjectTemplate.amorphicStatic;\nexport { StatsdClientInterface } from './StatsdClientInterface';\nexport { StatsdHelper } from './StatsdHelper';\n\nexport { amorphicStatic, SupertypeSession };\nexport { SupertypeLogger } from './SupertypeLogger';\nexport { Supertype, AmorphicPropertyDescriptor, AmorphicPropertyDescriptorSet } from './Supertype';\nexport { supertypeClass, property, remote } from './decorators';"]},"all":true},"/Users/mm73779/Documents/Framework/amorphic/components/supertype/dist/ObjectTemplate.js":{"path":"/Users/mm73779/Documents/Framework/amorphic/components/supertype/dist/ObjectTemplate.js","statementMap":{"0":{"start":{"line":2,"column":0},"end":{"line":2,"column":62}},"1":{"start":{"line":3,"column":0},"end":{"line":3,"column":32}},"2":{"start":{"line":4,"column":17},"end":{"line":4,"column":40}},"3":{"start":{"line":5,"column":24},"end":{"line":5,"column":52}},"4":{"start":{"line":16,"column":14},"end":{"line":16,"column":18}},"5":{"start":{"line":17,"column":4},"end":{"line":39,"column":5}},"6":{"start":{"line":18,"column":8},"end":{"line":18,"column":40}},"7":{"start":{"line":20,"column":9},"end":{"line":39,"column":5}},"8":{"start":{"line":21,"column":8},"end":{"line":21,"column":20}},"9":{"start":{"line":22,"column":8},"end":{"line":30,"column":9}},"10":{"start":{"line":23,"column":12},"end":{"line":29,"column":15}},"11":{"start":{"line":25,"column":16},"end":{"line":28,"column":17}},"12":{"start":{"line":27,"column":20},"end":{"line":27,"column":39}},"13":{"start":{"line":32,"column":9},"end":{"line":39,"column":5}},"14":{"start":{"line":33,"column":8},"end":{"line":35,"column":11}},"15":{"start":{"line":34,"column":12},"end":{"line":34,"column":52}},"16":{"start":{"line":38,"column":8},"end":{"line":38,"column":19}},"17":{"start":{"line":40,"column":4},"end":{"line":40,"column":15}},"18":{"start":{"line":45,"column":36},"end":{"line":551,"column":3}},"19":{"start":{"line":48,"column":4},"end":{"line":74,"column":7}},"20":{"start":{"line":60,"column":12},"end":{"line":60,"column":56}},"21":{"start":{"line":70,"column":12},"end":{"line":70,"column":63}},"22":{"start":{"line":78,"column":4},"end":{"line":87,"column":6}},"23":{"start":{"line":79,"column":8},"end":{"line":79,"column":26}},"24":{"start":{"line":80,"column":8},"end":{"line":86,"column":9}},"25":{"start":{"line":81,"column":33},"end":{"line":81,"column":37}},"26":{"start":{"line":82,"column":12},"end":{"line":85,"column":13}},"27":{"start":{"line":83,"column":31},"end":{"line":83,"column":71}},"28":{"start":{"line":84,"column":16},"end":{"line":84,"column":51}},"29":{"start":{"line":88,"column":4},"end":{"line":95,"column":6}},"30":{"start":{"line":89,"column":8},"end":{"line":89,"column":36}},"31":{"start":{"line":90,"column":8},"end":{"line":90,"column":33}},"32":{"start":{"line":91,"column":8},"end":{"line":91,"column":33}},"33":{"start":{"line":92,"column":8},"end":{"line":92,"column":33}},"34":{"start":{"line":93,"column":8},"end":{"line":93,"column":40}},"35":{"start":{"line":94,"column":8},"end":{"line":94,"column":57}},"36":{"start":{"line":103,"column":4},"end":{"line":115,"column":6}},"37":{"start":{"line":104,"column":33},"end":{"line":104,"column":35}},"38":{"start":{"line":105,"column":8},"end":{"line":107,"column":9}},"39":{"start":{"line":106,"column":12},"end":{"line":106,"column":35}},"40":{"start":{"line":108,"column":8},"end":{"line":111,"column":9}},"41":{"start":{"line":109,"column":12},"end":{"line":109,"column":35}},"42":{"start":{"line":110,"column":12},"end":{"line":110,"column":35}},"43":{"start":{"line":112,"column":8},"end":{"line":112,"column":101}},"44":{"start":{"line":113,"column":8},"end":{"line":113,"column":101}},"45":{"start":{"line":114,"column":8},"end":{"line":114,"column":34}},"46":{"start":{"line":122,"column":4},"end":{"line":124,"column":6}},"47":{"start":{"line":123,"column":8},"end":{"line":123,"column":47}},"48":{"start":{"line":130,"column":4},"end":{"line":132,"column":6}},"49":{"start":{"line":131,"column":8},"end":{"line":131,"column":43}},"50":{"start":{"line":133,"column":4},"end":{"line":173,"column":6}},"51":{"start":{"line":134,"column":8},"end":{"line":155,"column":9}},"52":{"start":{"line":135,"column":12},"end":{"line":140,"column":13}},"53":{"start":{"line":135,"column":26},"end":{"line":135,"column":27}},"54":{"start":{"line":136,"column":31},"end":{"line":136,"column":53}},"55":{"start":{"line":137,"column":16},"end":{"line":137,"column":62}},"56":{"start":{"line":138,"column":16},"end":{"line":138,"column":69}},"57":{"start":{"line":139,"column":16},"end":{"line":139,"column":47}},"58":{"start":{"line":141,"column":12},"end":{"line":141,"column":43}},"59":{"start":{"line":142,"column":12},"end":{"line":154,"column":13}},"60":{"start":{"line":143,"column":31},"end":{"line":143,"column":65}},"61":{"start":{"line":144,"column":41},"end":{"line":144,"column":99}},"62":{"start":{"line":145,"column":16},"end":{"line":145,"column":84}},"63":{"start":{"line":146,"column":16},"end":{"line":148,"column":17}},"64":{"start":{"line":147,"column":20},"end":{"line":147,"column":80}},"65":{"start":{"line":149,"column":16},"end":{"line":149,"column":36}},"66":{"start":{"line":150,"column":29},"end":{"line":150,"column":91}},"67":{"start":{"line":151,"column":16},"end":{"line":153,"column":17}},"68":{"start":{"line":152,"column":20},"end":{"line":152,"column":58}},"69":{"start":{"line":157,"column":12},"end":{"line":170,"column":13}},"70":{"start":{"line":158,"column":16},"end":{"line":169,"column":17}},"71":{"start":{"line":159,"column":41},"end":{"line":159,"column":72}},"72":{"start":{"line":160,"column":20},"end":{"line":168,"column":21}},"73":{"start":{"line":161,"column":35},"end":{"line":161,"column":78}},"74":{"start":{"line":162,"column":24},"end":{"line":167,"column":25}},"75":{"start":{"line":163,"column":28},"end":{"line":163,"column":53}},"76":{"start":{"line":166,"column":28},"end":{"line":166,"column":55}},"77":{"start":{"line":172,"column":8},"end":{"line":172,"column":35}},"78":{"start":{"line":186,"column":4},"end":{"line":194,"column":6}},"79":{"start":{"line":187,"column":8},"end":{"line":192,"column":9}},"80":{"start":{"line":188,"column":12},"end":{"line":190,"column":13}},"81":{"start":{"line":189,"column":16},"end":{"line":189,"column":42}},"82":{"start":{"line":191,"column":12},"end":{"line":191,"column":82}},"83":{"start":{"line":193,"column":8},"end":{"line":193,"column":21}},"84":{"start":{"line":202,"column":4},"end":{"line":202,"column":66}},"85":{"start":{"line":216,"column":4},"end":{"line":268,"column":6}},"86":{"start":{"line":218,"column":20},"end":{"line":218,"column":40}},"87":{"start":{"line":219,"column":22},"end":{"line":219,"column":89}},"88":{"start":{"line":220,"column":8},"end":{"line":228,"column":9}},"89":{"start":{"line":221,"column":12},"end":{"line":226,"column":14}},"90":{"start":{"line":227,"column":12},"end":{"line":227,"column":40}},"91":{"start":{"line":230,"column":8},"end":{"line":230,"column":40}},"92":{"start":{"line":231,"column":8},"end":{"line":231,"column":40}},"93":{"start":{"line":232,"column":8},"end":{"line":232,"column":56}},"94":{"start":{"line":234,"column":8},"end":{"line":267,"column":9}},"95":{"start":{"line":235,"column":31},"end":{"line":235,"column":49}},"96":{"start":{"line":236,"column":12},"end":{"line":247,"column":17}},"97":{"start":{"line":238,"column":27},"end":{"line":238,"column":39}},"98":{"start":{"line":239,"column":16},"end":{"line":246,"column":18}},"99":{"start":{"line":240,"column":20},"end":{"line":242,"column":21}},"100":{"start":{"line":241,"column":24},"end":{"line":241,"column":63}},"101":{"start":{"line":243,"column":20},"end":{"line":245,"column":21}},"102":{"start":{"line":244,"column":24},"end":{"line":244,"column":50}},"103":{"start":{"line":248,"column":31},"end":{"line":248,"column":49}},"104":{"start":{"line":249,"column":12},"end":{"line":261,"column":17}},"105":{"start":{"line":251,"column":27},"end":{"line":251,"column":39}},"106":{"start":{"line":252,"column":16},"end":{"line":260,"column":18}},"107":{"start":{"line":253,"column":20},"end":{"line":258,"column":21}},"108":{"start":{"line":254,"column":24},"end":{"line":256,"column":25}},"109":{"start":{"line":255,"column":28},"end":{"line":255,"column":70}},"110":{"start":{"line":257,"column":24},"end":{"line":257,"column":74}},"111":{"start":{"line":259,"column":20},"end":{"line":259,"column":45}},"112":{"start":{"line":262,"column":12},"end":{"line":264,"column":13}},"113":{"start":{"line":263,"column":16},"end":{"line":263,"column":94}},"114":{"start":{"line":265,"column":12},"end":{"line":265,"column":40}},"115":{"start":{"line":266,"column":12},"end":{"line":266,"column":43}},"116":{"start":{"line":279,"column":4},"end":{"line":315,"column":6}},"117":{"start":{"line":281,"column":8},"end":{"line":314,"column":9}},"118":{"start":{"line":282,"column":12},"end":{"line":282,"column":43}},"119":{"start":{"line":284,"column":13},"end":{"line":314,"column":9}},"120":{"start":{"line":285,"column":12},"end":{"line":285,"column":22}},"121":{"start":{"line":286,"column":12},"end":{"line":288,"column":13}},"122":{"start":{"line":286,"column":26},"end":{"line":286,"column":27}},"123":{"start":{"line":287,"column":16},"end":{"line":287,"column":57}},"124":{"start":{"line":289,"column":12},"end":{"line":289,"column":24}},"125":{"start":{"line":291,"column":13},"end":{"line":314,"column":9}},"126":{"start":{"line":292,"column":12},"end":{"line":292,"column":34}},"127":{"start":{"line":293,"column":12},"end":{"line":300,"column":13}},"128":{"start":{"line":294,"column":16},"end":{"line":299,"column":17}},"129":{"start":{"line":295,"column":41},"end":{"line":295,"column":86}},"130":{"start":{"line":296,"column":20},"end":{"line":298,"column":21}},"131":{"start":{"line":297,"column":24},"end":{"line":297,"column":109}},"132":{"start":{"line":301,"column":12},"end":{"line":301,"column":24}},"133":{"start":{"line":303,"column":13},"end":{"line":314,"column":9}},"134":{"start":{"line":304,"column":12},"end":{"line":304,"column":22}},"135":{"start":{"line":305,"column":12},"end":{"line":309,"column":13}},"136":{"start":{"line":306,"column":16},"end":{"line":308,"column":17}},"137":{"start":{"line":307,"column":20},"end":{"line":307,"column":57}},"138":{"start":{"line":310,"column":12},"end":{"line":310,"column":24}},"139":{"start":{"line":313,"column":12},"end":{"line":313,"column":23}},"140":{"start":{"line":328,"column":4},"end":{"line":334,"column":6}},"141":{"start":{"line":329,"column":19},"end":{"line":329,"column":21}},"142":{"start":{"line":330,"column":8},"end":{"line":332,"column":9}},"143":{"start":{"line":330,"column":22},"end":{"line":330,"column":23}},"144":{"start":{"line":331,"column":12},"end":{"line":331,"column":41}},"145":{"start":{"line":333,"column":8},"end":{"line":333,"column":29}},"146":{"start":{"line":344,"column":4},"end":{"line":346,"column":6}},"147":{"start":{"line":345,"column":8},"end":{"line":345,"column":95}},"148":{"start":{"line":352,"column":4},"end":{"line":354,"column":6}},"149":{"start":{"line":353,"column":8},"end":{"line":353,"column":13}},"150":{"start":{"line":367,"column":4},"end":{"line":389,"column":6}},"151":{"start":{"line":368,"column":27},"end":{"line":368,"column":29}},"152":{"start":{"line":369,"column":8},"end":{"line":371,"column":9}},"153":{"start":{"line":370,"column":12},"end":{"line":370,"column":37}},"154":{"start":{"line":373,"column":8},"end":{"line":387,"column":9}},"155":{"start":{"line":374,"column":12},"end":{"line":380,"column":13}},"156":{"start":{"line":375,"column":16},"end":{"line":379,"column":17}},"157":{"start":{"line":375,"column":30},"end":{"line":375,"column":31}},"158":{"start":{"line":376,"column":20},"end":{"line":378,"column":21}},"159":{"start":{"line":377,"column":24},"end":{"line":377,"column":65}},"160":{"start":{"line":383,"column":27},"end":{"line":383,"column":69}},"161":{"start":{"line":384,"column":12},"end":{"line":386,"column":13}},"162":{"start":{"line":385,"column":16},"end":{"line":385,"column":36}},"163":{"start":{"line":388,"column":8},"end":{"line":388,"column":24}},"164":{"start":{"line":399,"column":4},"end":{"line":410,"column":6}},"165":{"start":{"line":400,"column":8},"end":{"line":402,"column":9}},"166":{"start":{"line":401,"column":12},"end":{"line":401,"column":28}},"167":{"start":{"line":403,"column":8},"end":{"line":408,"column":9}},"168":{"start":{"line":403,"column":22},"end":{"line":403,"column":23}},"169":{"start":{"line":404,"column":27},"end":{"line":404,"column":86}},"170":{"start":{"line":405,"column":12},"end":{"line":407,"column":13}},"171":{"start":{"line":406,"column":16},"end":{"line":406,"column":32}},"172":{"start":{"line":409,"column":8},"end":{"line":409,"column":20}},"173":{"start":{"line":420,"column":4},"end":{"line":425,"column":6}},"174":{"start":{"line":421,"column":8},"end":{"line":423,"column":9}},"175":{"start":{"line":422,"column":12},"end":{"line":422,"column":43}},"176":{"start":{"line":424,"column":8},"end":{"line":424,"column":24}},"177":{"start":{"line":437,"column":4},"end":{"line":451,"column":6}},"178":{"start":{"line":438,"column":8},"end":{"line":438,"column":74}},"179":{"start":{"line":439,"column":29},"end":{"line":439,"column":46}},"180":{"start":{"line":440,"column":8},"end":{"line":444,"column":9}},"181":{"start":{"line":441,"column":12},"end":{"line":443,"column":14}},"182":{"start":{"line":442,"column":16},"end":{"line":442,"column":28}},"183":{"start":{"line":445,"column":23},"end":{"line":445,"column":37}},"184":{"start":{"line":446,"column":8},"end":{"line":446,"column":43}},"185":{"start":{"line":447,"column":8},"end":{"line":449,"column":9}},"186":{"start":{"line":448,"column":12},"end":{"line":448,"column":36}},"187":{"start":{"line":450,"column":8},"end":{"line":450,"column":24}},"188":{"start":{"line":461,"column":4},"end":{"line":469,"column":6}},"189":{"start":{"line":462,"column":8},"end":{"line":467,"column":9}},"190":{"start":{"line":463,"column":12},"end":{"line":463,"column":51}},"191":{"start":{"line":465,"column":13},"end":{"line":467,"column":9}},"192":{"start":{"line":466,"column":12},"end":{"line":466,"column":74}},"193":{"start":{"line":468,"column":8},"end":{"line":468,"column":20}},"194":{"start":{"line":479,"column":4},"end":{"line":494,"column":6}},"195":{"start":{"line":480,"column":8},"end":{"line":482,"column":9}},"196":{"start":{"line":481,"column":12},"end":{"line":481,"column":29}},"197":{"start":{"line":483,"column":8},"end":{"line":489,"column":9}},"198":{"start":{"line":484,"column":12},"end":{"line":488,"column":13}},"199":{"start":{"line":485,"column":16},"end":{"line":487,"column":17}},"200":{"start":{"line":486,"column":20},"end":{"line":486,"column":72}},"201":{"start":{"line":490,"column":8},"end":{"line":492,"column":9}},"202":{"start":{"line":491,"column":12},"end":{"line":491,"column":92}},"203":{"start":{"line":493,"column":8},"end":{"line":493,"column":27}},"204":{"start":{"line":501,"column":4},"end":{"line":505,"column":6}},"205":{"start":{"line":502,"column":21},"end":{"line":502,"column":40}},"206":{"start":{"line":503,"column":8},"end":{"line":503,"column":22}},"207":{"start":{"line":504,"column":8},"end":{"line":504,"column":22}},"208":{"start":{"line":511,"column":4},"end":{"line":513,"column":6}},"209":{"start":{"line":512,"column":8},"end":{"line":512,"column":55}},"210":{"start":{"line":514,"column":4},"end":{"line":514,"column":51}},"211":{"start":{"line":529,"column":4},"end":{"line":529,"column":50}},"212":{"start":{"line":539,"column":4},"end":{"line":539,"column":50}},"213":{"start":{"line":549,"column":4},"end":{"line":549,"column":58}},"214":{"start":{"line":550,"column":4},"end":{"line":550,"column":26}},"215":{"start":{"line":552,"column":0},"end":{"line":552,"column":40}}},"fnMap":{"0":{"name":"processProp","decl":{"start":{"line":15,"column":9},"end":{"line":15,"column":20}},"loc":{"start":{"line":15,"column":36},"end":{"line":41,"column":1}},"line":15},"1":{"name":"i","decl":{"start":{"line":23,"column":33},"end":{"line":23,"column":34}},"loc":{"start":{"line":23,"column":41},"end":{"line":29,"column":13}},"line":23},"2":{"name":"h","decl":{"start":{"line":33,"column":30},"end":{"line":33,"column":31}},"loc":{"start":{"line":33,"column":38},"end":{"line":35,"column":9}},"line":33},"3":{"name":"(anonymous_3)","decl":{"start":{"line":45,"column":36},"end":{"line":45,"column":37}},"loc":{"start":{"line":45,"column":48},"end":{"line":551,"column":1}},"line":45},"4":{"name":"ObjectTemplate","decl":{"start":{"line":46,"column":13},"end":{"line":46,"column":27}},"loc":{"start":{"line":46,"column":30},"end":{"line":47,"column":5}},"line":46},"5":{"name":"(anonymous_5)","decl":{"start":{"line":59,"column":13},"end":{"line":59,"column":14}},"loc":{"start":{"line":59,"column":25},"end":{"line":61,"column":9}},"line":59},"6":{"name":"(anonymous_6)","decl":{"start":{"line":69,"column":13},"end":{"line":69,"column":14}},"loc":{"start":{"line":69,"column":36},"end":{"line":71,"column":9}},"line":69},"7":{"name":"(anonymous_7)","decl":{"start":{"line":78,"column":39},"end":{"line":78,"column":40}},"loc":{"start":{"line":78,"column":51},"end":{"line":87,"column":5}},"line":78},"8":{"name":"(anonymous_8)","decl":{"start":{"line":88,"column":26},"end":{"line":88,"column":27}},"loc":{"start":{"line":88,"column":38},"end":{"line":95,"column":5}},"line":88},"9":{"name":"(anonymous_9)","decl":{"start":{"line":103,"column":43},"end":{"line":103,"column":44}},"loc":{"start":{"line":103,"column":60},"end":{"line":115,"column":5}},"line":103},"10":{"name":"(anonymous_10)","decl":{"start":{"line":122,"column":28},"end":{"line":122,"column":29}},"loc":{"start":{"line":122,"column":58},"end":{"line":124,"column":5}},"line":122},"11":{"name":"(anonymous_11)","decl":{"start":{"line":130,"column":34},"end":{"line":130,"column":35}},"loc":{"start":{"line":130,"column":54},"end":{"line":132,"column":5}},"line":130},"12":{"name":"(anonymous_12)","decl":{"start":{"line":133,"column":32},"end":{"line":133,"column":33}},"loc":{"start":{"line":133,"column":44},"end":{"line":173,"column":5}},"line":133},"13":{"name":"processDeferredTypes","decl":{"start":{"line":156,"column":17},"end":{"line":156,"column":37}},"loc":{"start":{"line":156,"column":48},"end":{"line":171,"column":9}},"line":156},"14":{"name":"(anonymous_14)","decl":{"start":{"line":186,"column":34},"end":{"line":186,"column":35}},"loc":{"start":{"line":186,"column":59},"end":{"line":194,"column":5}},"line":186},"15":{"name":"(anonymous_15)","decl":{"start":{"line":202,"column":41},"end":{"line":202,"column":42}},"loc":{"start":{"line":202,"column":62},"end":{"line":202,"column":65}},"line":202},"16":{"name":"(anonymous_16)","decl":{"start":{"line":216,"column":36},"end":{"line":216,"column":37}},"loc":{"start":{"line":216,"column":112},"end":{"line":268,"column":5}},"line":216},"17":{"name":"d","decl":{"start":{"line":236,"column":43},"end":{"line":236,"column":44}},"loc":{"start":{"line":236,"column":47},"end":{"line":247,"column":13}},"line":236},"18":{"name":"c","decl":{"start":{"line":239,"column":32},"end":{"line":239,"column":33}},"loc":{"start":{"line":239,"column":41},"end":{"line":246,"column":17}},"line":239},"19":{"name":"get","decl":{"start":{"line":249,"column":43},"end":{"line":249,"column":46}},"loc":{"start":{"line":249,"column":49},"end":{"line":261,"column":13}},"line":249},"20":{"name":"b","decl":{"start":{"line":252,"column":32},"end":{"line":252,"column":33}},"loc":{"start":{"line":252,"column":36},"end":{"line":260,"column":17}},"line":252},"21":{"name":"(anonymous_21)","decl":{"start":{"line":279,"column":27},"end":{"line":279,"column":28}},"loc":{"start":{"line":279,"column":52},"end":{"line":315,"column":5}},"line":279},"22":{"name":"(anonymous_22)","decl":{"start":{"line":328,"column":36},"end":{"line":328,"column":37}},"loc":{"start":{"line":328,"column":76},"end":{"line":334,"column":5}},"line":328},"23":{"name":"(anonymous_23)","decl":{"start":{"line":344,"column":32},"end":{"line":344,"column":33}},"loc":{"start":{"line":344,"column":56},"end":{"line":346,"column":5}},"line":344},"24":{"name":"(anonymous_24)","decl":{"start":{"line":352,"column":43},"end":{"line":352,"column":44}},"loc":{"start":{"line":352,"column":57},"end":{"line":354,"column":5}},"line":352},"25":{"name":"(anonymous_25)","decl":{"start":{"line":367,"column":38},"end":{"line":367,"column":39}},"loc":{"start":{"line":367,"column":81},"end":{"line":389,"column":5}},"line":367},"26":{"name":"(anonymous_26)","decl":{"start":{"line":399,"column":35},"end":{"line":399,"column":36}},"loc":{"start":{"line":399,"column":69},"end":{"line":410,"column":5}},"line":399},"27":{"name":"(anonymous_27)","decl":{"start":{"line":420,"column":35},"end":{"line":420,"column":36}},"loc":{"start":{"line":420,"column":55},"end":{"line":425,"column":5}},"line":420},"28":{"name":"(anonymous_28)","decl":{"start":{"line":437,"column":40},"end":{"line":437,"column":41}},"loc":{"start":{"line":437,"column":83},"end":{"line":451,"column":5}},"line":437},"29":{"name":"stashObject","decl":{"start":{"line":441,"column":41},"end":{"line":441,"column":52}},"loc":{"start":{"line":441,"column":55},"end":{"line":443,"column":13}},"line":441},"30":{"name":"(anonymous_30)","decl":{"start":{"line":461,"column":40},"end":{"line":461,"column":41}},"loc":{"start":{"line":461,"column":66},"end":{"line":469,"column":5}},"line":461},"31":{"name":"(anonymous_31)","decl":{"start":{"line":479,"column":42},"end":{"line":479,"column":43}},"loc":{"start":{"line":479,"column":91},"end":{"line":494,"column":5}},"line":479},"32":{"name":"(anonymous_32)","decl":{"start":{"line":501,"column":35},"end":{"line":501,"column":36}},"loc":{"start":{"line":501,"column":47},"end":{"line":505,"column":5}},"line":501},"33":{"name":"(anonymous_33)","decl":{"start":{"line":511,"column":34},"end":{"line":511,"column":35}},"loc":{"start":{"line":511,"column":46},"end":{"line":513,"column":5}},"line":511}},"branchMap":{"0":{"loc":{"start":{"line":17,"column":4},"end":{"line":39,"column":5}},"type":"if","locations":[{"start":{"line":17,"column":4},"end":{"line":39,"column":5}},{"start":{"line":17,"column":4},"end":{"line":39,"column":5}}],"line":17},"1":{"loc":{"start":{"line":20,"column":9},"end":{"line":39,"column":5}},"type":"if","locations":[{"start":{"line":20,"column":9},"end":{"line":39,"column":5}},{"start":{"line":20,"column":9},"end":{"line":39,"column":5}}],"line":20},"2":{"loc":{"start":{"line":22,"column":8},"end":{"line":30,"column":9}},"type":"if","locations":[{"start":{"line":22,"column":8},"end":{"line":30,"column":9}},{"start":{"line":22,"column":8},"end":{"line":30,"column":9}}],"line":22},"3":{"loc":{"start":{"line":25,"column":16},"end":{"line":28,"column":17}},"type":"if","locations":[{"start":{"line":25,"column":16},"end":{"line":28,"column":17}},{"start":{"line":25,"column":16},"end":{"line":28,"column":17}}],"line":25},"4":{"loc":{"start":{"line":32,"column":9},"end":{"line":39,"column":5}},"type":"if","locations":[{"start":{"line":32,"column":9},"end":{"line":39,"column":5}},{"start":{"line":32,"column":9},"end":{"line":39,"column":5}}],"line":32},"5":{"loc":{"start":{"line":34,"column":18},"end":{"line":34,"column":51}},"type":"binary-expr","locations":[{"start":{"line":34,"column":18},"end":{"line":34,"column":21}},{"start":{"line":34,"column":25},"end":{"line":34,"column":51}}],"line":34},"6":{"loc":{"start":{"line":80,"column":8},"end":{"line":86,"column":9}},"type":"if","locations":[{"start":{"line":80,"column":8},"end":{"line":86,"column":9}},{"start":{"line":80,"column":8},"end":{"line":86,"column":9}}],"line":80},"7":{"loc":{"start":{"line":94,"column":22},"end":{"line":94,"column":56}},"type":"binary-expr","locations":[{"start":{"line":94,"column":22},"end":{"line":94,"column":33}},{"start":{"line":94,"column":37},"end":{"line":94,"column":56}}],"line":94},"8":{"loc":{"start":{"line":105,"column":8},"end":{"line":107,"column":9}},"type":"if","locations":[{"start":{"line":105,"column":8},"end":{"line":107,"column":9}},{"start":{"line":105,"column":8},"end":{"line":107,"column":9}}],"line":105},"9":{"loc":{"start":{"line":108,"column":8},"end":{"line":111,"column":9}},"type":"if","locations":[{"start":{"line":108,"column":8},"end":{"line":111,"column":9}},{"start":{"line":108,"column":8},"end":{"line":111,"column":9}}],"line":108},"10":{"loc":{"start":{"line":134,"column":8},"end":{"line":155,"column":9}},"type":"if","locations":[{"start":{"line":134,"column":8},"end":{"line":155,"column":9}},{"start":{"line":134,"column":8},"end":{"line":155,"column":9}}],"line":134},"11":{"loc":{"start":{"line":146,"column":16},"end":{"line":148,"column":17}},"type":"if","locations":[{"start":{"line":146,"column":16},"end":{"line":148,"column":17}},{"start":{"line":146,"column":16},"end":{"line":148,"column":17}}],"line":146},"12":{"loc":{"start":{"line":157,"column":12},"end":{"line":170,"column":13}},"type":"if","locations":[{"start":{"line":157,"column":12},"end":{"line":170,"column":13}},{"start":{"line":157,"column":12},"end":{"line":170,"column":13}}],"line":157},"13":{"loc":{"start":{"line":160,"column":20},"end":{"line":168,"column":21}},"type":"if","locations":[{"start":{"line":160,"column":20},"end":{"line":168,"column":21}},{"start":{"line":160,"column":20},"end":{"line":168,"column":21}}],"line":160},"14":{"loc":{"start":{"line":162,"column":24},"end":{"line":167,"column":25}},"type":"if","locations":[{"start":{"line":162,"column":24},"end":{"line":167,"column":25}},{"start":{"line":162,"column":24},"end":{"line":167,"column":25}}],"line":162},"15":{"loc":{"start":{"line":187,"column":8},"end":{"line":192,"column":9}},"type":"if","locations":[{"start":{"line":187,"column":8},"end":{"line":192,"column":9}},{"start":{"line":187,"column":8},"end":{"line":192,"column":9}}],"line":187},"16":{"loc":{"start":{"line":188,"column":12},"end":{"line":190,"column":13}},"type":"if","locations":[{"start":{"line":188,"column":12},"end":{"line":190,"column":13}},{"start":{"line":188,"column":12},"end":{"line":190,"column":13}}],"line":188},"17":{"loc":{"start":{"line":219,"column":22},"end":{"line":219,"column":89}},"type":"binary-expr","locations":[{"start":{"line":219,"column":22},"end":{"line":219,"column":27}},{"start":{"line":219,"column":31},"end":{"line":219,"column":58}},{"start":{"line":219,"column":62},"end":{"line":219,"column":89}}],"line":219},"18":{"loc":{"start":{"line":220,"column":8},"end":{"line":228,"column":9}},"type":"if","locations":[{"start":{"line":220,"column":8},"end":{"line":228,"column":9}},{"start":{"line":220,"column":8},"end":{"line":228,"column":9}}],"line":220},"19":{"loc":{"start":{"line":220,"column":12},"end":{"line":220,"column":91}},"type":"binary-expr","locations":[{"start":{"line":220,"column":12},"end":{"line":220,"column":19}},{"start":{"line":220,"column":23},"end":{"line":220,"column":47}},{"start":{"line":220,"column":51},"end":{"line":220,"column":69}},{"start":{"line":220,"column":73},"end":{"line":220,"column":91}}],"line":220},"20":{"loc":{"start":{"line":234,"column":8},"end":{"line":267,"column":9}},"type":"if","locations":[{"start":{"line":234,"column":8},"end":{"line":267,"column":9}},{"start":{"line":234,"column":8},"end":{"line":267,"column":9}}],"line":234},"21":{"loc":{"start":{"line":234,"column":12},"end":{"line":234,"column":52}},"type":"binary-expr","locations":[{"start":{"line":234,"column":12},"end":{"line":234,"column":30}},{"start":{"line":234,"column":34},"end":{"line":234,"column":52}}],"line":234},"22":{"loc":{"start":{"line":240,"column":20},"end":{"line":242,"column":21}},"type":"if","locations":[{"start":{"line":240,"column":20},"end":{"line":242,"column":21}},{"start":{"line":240,"column":20},"end":{"line":242,"column":21}}],"line":240},"23":{"loc":{"start":{"line":243,"column":20},"end":{"line":245,"column":21}},"type":"if","locations":[{"start":{"line":243,"column":20},"end":{"line":245,"column":21}},{"start":{"line":243,"column":20},"end":{"line":245,"column":21}}],"line":243},"24":{"loc":{"start":{"line":253,"column":20},"end":{"line":258,"column":21}},"type":"if","locations":[{"start":{"line":253,"column":20},"end":{"line":258,"column":21}},{"start":{"line":253,"column":20},"end":{"line":258,"column":21}}],"line":253},"25":{"loc":{"start":{"line":254,"column":24},"end":{"line":256,"column":25}},"type":"if","locations":[{"start":{"line":254,"column":24},"end":{"line":256,"column":25}},{"start":{"line":254,"column":24},"end":{"line":256,"column":25}}],"line":254},"26":{"loc":{"start":{"line":262,"column":12},"end":{"line":264,"column":13}},"type":"if","locations":[{"start":{"line":262,"column":12},"end":{"line":264,"column":13}},{"start":{"line":262,"column":12},"end":{"line":264,"column":13}}],"line":262},"27":{"loc":{"start":{"line":281,"column":8},"end":{"line":314,"column":9}},"type":"if","locations":[{"start":{"line":281,"column":8},"end":{"line":314,"column":9}},{"start":{"line":281,"column":8},"end":{"line":314,"column":9}}],"line":281},"28":{"loc":{"start":{"line":284,"column":13},"end":{"line":314,"column":9}},"type":"if","locations":[{"start":{"line":284,"column":13},"end":{"line":314,"column":9}},{"start":{"line":284,"column":13},"end":{"line":314,"column":9}}],"line":284},"29":{"loc":{"start":{"line":291,"column":13},"end":{"line":314,"column":9}},"type":"if","locations":[{"start":{"line":291,"column":13},"end":{"line":314,"column":9}},{"start":{"line":291,"column":13},"end":{"line":314,"column":9}}],"line":291},"30":{"loc":{"start":{"line":291,"column":17},"end":{"line":291,"column":52}},"type":"binary-expr","locations":[{"start":{"line":291,"column":17},"end":{"line":291,"column":25}},{"start":{"line":291,"column":29},"end":{"line":291,"column":52}}],"line":291},"31":{"loc":{"start":{"line":294,"column":16},"end":{"line":299,"column":17}},"type":"if","locations":[{"start":{"line":294,"column":16},"end":{"line":299,"column":17}},{"start":{"line":294,"column":16},"end":{"line":299,"column":17}}],"line":294},"32":{"loc":{"start":{"line":294,"column":20},"end":{"line":294,"column":72}},"type":"binary-expr","locations":[{"start":{"line":294,"column":20},"end":{"line":294,"column":36}},{"start":{"line":294,"column":40},"end":{"line":294,"column":72}}],"line":294},"33":{"loc":{"start":{"line":295,"column":41},"end":{"line":295,"column":86}},"type":"binary-expr","locations":[{"start":{"line":295,"column":41},"end":{"line":295,"column":80}},{"start":{"line":295,"column":84},"end":{"line":295,"column":86}}],"line":295},"34":{"loc":{"start":{"line":296,"column":20},"end":{"line":298,"column":21}},"type":"if","locations":[{"start":{"line":296,"column":20},"end":{"line":298,"column":21}},{"start":{"line":296,"column":20},"end":{"line":298,"column":21}}],"line":296},"35":{"loc":{"start":{"line":297,"column":59},"end":{"line":297,"column":107}},"type":"binary-expr","locations":[{"start":{"line":297,"column":59},"end":{"line":297,"column":76}},{"start":{"line":297,"column":80},"end":{"line":297,"column":99}},{"start":{"line":297,"column":103},"end":{"line":297,"column":107}}],"line":297},"36":{"loc":{"start":{"line":303,"column":13},"end":{"line":314,"column":9}},"type":"if","locations":[{"start":{"line":303,"column":13},"end":{"line":314,"column":9}},{"start":{"line":303,"column":13},"end":{"line":314,"column":9}}],"line":303},"37":{"loc":{"start":{"line":306,"column":16},"end":{"line":308,"column":17}},"type":"if","locations":[{"start":{"line":306,"column":16},"end":{"line":308,"column":17}},{"start":{"line":306,"column":16},"end":{"line":308,"column":17}}],"line":306},"38":{"loc":{"start":{"line":369,"column":8},"end":{"line":371,"column":9}},"type":"if","locations":[{"start":{"line":369,"column":8},"end":{"line":371,"column":9}},{"start":{"line":369,"column":8},"end":{"line":371,"column":9}}],"line":369},"39":{"loc":{"start":{"line":373,"column":8},"end":{"line":387,"column":9}},"type":"if","locations":[{"start":{"line":373,"column":8},"end":{"line":387,"column":9}},{"start":{"line":373,"column":8},"end":{"line":387,"column":9}}],"line":373},"40":{"loc":{"start":{"line":373,"column":12},"end":{"line":373,"column":80}},"type":"binary-expr","locations":[{"start":{"line":373,"column":12},"end":{"line":373,"column":26}},{"start":{"line":373,"column":30},"end":{"line":373,"column":55}},{"start":{"line":373,"column":59},"end":{"line":373,"column":80}}],"line":373},"41":{"loc":{"start":{"line":374,"column":12},"end":{"line":380,"column":13}},"type":"if","locations":[{"start":{"line":374,"column":12},"end":{"line":380,"column":13}},{"start":{"line":374,"column":12},"end":{"line":380,"column":13}}],"line":374},"42":{"loc":{"start":{"line":376,"column":20},"end":{"line":378,"column":21}},"type":"if","locations":[{"start":{"line":376,"column":20},"end":{"line":378,"column":21}},{"start":{"line":376,"column":20},"end":{"line":378,"column":21}}],"line":376},"43":{"loc":{"start":{"line":384,"column":12},"end":{"line":386,"column":13}},"type":"if","locations":[{"start":{"line":384,"column":12},"end":{"line":386,"column":13}},{"start":{"line":384,"column":12},"end":{"line":386,"column":13}}],"line":384},"44":{"loc":{"start":{"line":400,"column":8},"end":{"line":402,"column":9}},"type":"if","locations":[{"start":{"line":400,"column":8},"end":{"line":402,"column":9}},{"start":{"line":400,"column":8},"end":{"line":402,"column":9}}],"line":400},"45":{"loc":{"start":{"line":405,"column":12},"end":{"line":407,"column":13}},"type":"if","locations":[{"start":{"line":405,"column":12},"end":{"line":407,"column":13}},{"start":{"line":405,"column":12},"end":{"line":407,"column":13}}],"line":405},"46":{"loc":{"start":{"line":440,"column":8},"end":{"line":444,"column":9}},"type":"if","locations":[{"start":{"line":440,"column":8},"end":{"line":444,"column":9}},{"start":{"line":440,"column":8},"end":{"line":444,"column":9}}],"line":440},"47":{"loc":{"start":{"line":447,"column":8},"end":{"line":449,"column":9}},"type":"if","locations":[{"start":{"line":447,"column":8},"end":{"line":449,"column":9}},{"start":{"line":447,"column":8},"end":{"line":449,"column":9}}],"line":447},"48":{"loc":{"start":{"line":462,"column":8},"end":{"line":467,"column":9}},"type":"if","locations":[{"start":{"line":462,"column":8},"end":{"line":467,"column":9}},{"start":{"line":462,"column":8},"end":{"line":467,"column":9}}],"line":462},"49":{"loc":{"start":{"line":462,"column":12},"end":{"line":462,"column":108}},"type":"binary-expr","locations":[{"start":{"line":462,"column":12},"end":{"line":462,"column":20}},{"start":{"line":462,"column":25},"end":{"line":462,"column":43}},{"start":{"line":462,"column":48},"end":{"line":462,"column":73}},{"start":{"line":462,"column":77},"end":{"line":462,"column":108}}],"line":462},"50":{"loc":{"start":{"line":465,"column":13},"end":{"line":467,"column":9}},"type":"if","locations":[{"start":{"line":465,"column":13},"end":{"line":467,"column":9}},{"start":{"line":465,"column":13},"end":{"line":467,"column":9}}],"line":465},"51":{"loc":{"start":{"line":465,"column":17},"end":{"line":465,"column":52}},"type":"binary-expr","locations":[{"start":{"line":465,"column":17},"end":{"line":465,"column":25}},{"start":{"line":465,"column":29},"end":{"line":465,"column":52}}],"line":465},"52":{"loc":{"start":{"line":480,"column":8},"end":{"line":482,"column":9}},"type":"if","locations":[{"start":{"line":480,"column":8},"end":{"line":482,"column":9}},{"start":{"line":480,"column":8},"end":{"line":482,"column":9}}],"line":480},"53":{"loc":{"start":{"line":483,"column":8},"end":{"line":489,"column":9}},"type":"if","locations":[{"start":{"line":483,"column":8},"end":{"line":489,"column":9}},{"start":{"line":483,"column":8},"end":{"line":489,"column":9}}],"line":483},"54":{"loc":{"start":{"line":485,"column":16},"end":{"line":487,"column":17}},"type":"if","locations":[{"start":{"line":485,"column":16},"end":{"line":487,"column":17}},{"start":{"line":485,"column":16},"end":{"line":487,"column":17}}],"line":485},"55":{"loc":{"start":{"line":485,"column":20},"end":{"line":485,"column":80}},"type":"binary-expr","locations":[{"start":{"line":485,"column":20},"end":{"line":485,"column":34}},{"start":{"line":485,"column":38},"end":{"line":485,"column":80}}],"line":485},"56":{"loc":{"start":{"line":490,"column":8},"end":{"line":492,"column":9}},"type":"if","locations":[{"start":{"line":490,"column":8},"end":{"line":492,"column":9}},{"start":{"line":490,"column":8},"end":{"line":492,"column":9}}],"line":490}},"s":{"0":0,"1":0,"2":0,"3":0,"4":0,"5":0,"6":0,"7":0,"8":0,"9":0,"10":0,"11":0,"12":0,"13":0,"14":0,"15":0,"16":0,"17":0,"18":0,"19":0,"20":0,"21":0,"22":0,"23":0,"24":0,"25":0,"26":0,"27":0,"28":0,"29":0,"30":0,"31":0,"32":0,"33":0,"34":0,"35":0,"36":0,"37":0,"38":0,"39":0,"40":0,"41":0,"42":0,"43":0,"44":0,"45":0,"46":0,"47":0,"48":0,"49":0,"50":0,"51":0,"52":0,"53":0,"54":0,"55":0,"56":0,"57":0,"58":0,"59":0,"60":0,"61":0,"62":0,"63":0,"64":0,"65":0,"66":0,"67":0,"68":0,"69":0,"70":0,"71":0,"72":0,"73":0,"74":0,"75":0,"76":0,"77":0,"78":0,"79":0,"80":0,"81":0,"82":0,"83":0,"84":0,"85":0,"86":0,"87":0,"88":0,"89":0,"90":0,"91":0,"92":0,"93":0,"94":0,"95":0,"96":0,"97":0,"98":0,"99":0,"100":0,"101":0,"102":0,"103":0,"104":0,"105":0,"106":0,"107":0,"108":0,"109":0,"110":0,"111":0,"112":0,"113":0,"114":0,"115":0,"116":0,"117":0,"118":0,"119":0,"120":0,"121":0,"122":0,"123":0,"124":0,"125":0,"126":0,"127":0,"128":0,"129":0,"130":0,"131":0,"132":0,"133":0,"134":0,"135":0,"136":0,"137":0,"138":0,"139":0,"140":0,"141":0,"142":0,"143":0,"144":0,"145":0,"146":0,"147":0,"148":0,"149":0,"150":0,"151":0,"152":0,"153":0,"154":0,"155":0,"156":0,"157":0,"158":0,"159":0,"160":0,"161":0,"162":0,"163":0,"164":0,"165":0,"166":0,"167":0,"168":0,"169":0,"170":0,"171":0,"172":0,"173":0,"174":0,"175":0,"176":0,"177":0,"178":0,"179":0,"180":0,"181":0,"182":0,"183":0,"184":0,"185":0,"186":0,"187":0,"188":0,"189":0,"190":0,"191":0,"192":0,"193":0,"194":0,"195":0,"196":0,"197":0,"198":0,"199":0,"200":0,"201":0,"202":0,"203":0,"204":0,"205":0,"206":0,"207":0,"208":0,"209":0,"210":0,"211":0,"212":0,"213":0,"214":0,"215":0},"f":{"0":0,"1":0,"2":0,"3":0,"4":0,"5":0,"6":0,"7":0,"8":0,"9":0,"10":0,"11":0,"12":0,"13":0,"14":0,"15":0,"16":0,"17":0,"18":0,"19":0,"20":0,"21":0,"22":0,"23":0,"24":0,"25":0,"26":0,"27":0,"28":0,"29":0,"30":0,"31":0,"32":0,"33":0},"b":{"0":[0,0],"1":[0,0],"2":[0,0],"3":[0,0],"4":[0,0],"5":[0,0],"6":[0,0],"7":[0,0],"8":[0,0],"9":[0,0],"10":[0,0],"11":[0,0],"12":[0,0],"13":[0,0],"14":[0,0],"15":[0,0],"16":[0,0],"17":[0,0,0],"18":[0,0],"19":[0,0,0,0],"20":[0,0],"21":[0,0],"22":[0,0],"23":[0,0],"24":[0,0],"25":[0,0],"26":[0,0],"27":[0,0],"28":[0,0],"29":[0,0],"30":[0,0],"31":[0,0],"32":[0,0],"33":[0,0],"34":[0,0],"35":[0,0,0],"36":[0,0],"37":[0,0],"38":[0,0],"39":[0,0],"40":[0,0,0],"41":[0,0],"42":[0,0],"43":[0,0],"44":[0,0],"45":[0,0],"46":[0,0],"47":[0,0],"48":[0,0],"49":[0,0,0,0],"50":[0,0],"51":[0,0],"52":[0,0],"53":[0,0],"54":[0,0],"55":[0,0],"56":[0,0]},"inputSourceMap":{"version":3,"file":"ObjectTemplate.js","sourceRoot":"","sources":["../src/ObjectTemplate.ts"],"names":[],"mappings":";;;AAAA,yCAA2C;AAC3C,qDAAoD;AA6CpD;;;;;;;;GAQG;AACH,SAAS,WAAW,CAAC,IAAI,EAAE,OAAO;IAC9B,IAAI,GAAG,GAAG,IAAI,CAAC;IAEf,IAAI,OAAO,CAAC,IAAI,CAAC,KAAK,UAAU,EAAE;QAC9B,GAAG,GAAG,IAAI,CAAC,IAAI,CAAC,cAAc,CAAC,CAAC;KACnC;SACI,IAAI,OAAO,CAAC,IAAI,CAAC,KAAK,QAAQ,EAAE;QACjC,GAAG,GAAG,KAAK,CAAC;QAEZ,IAAI,OAAO,EAAE;YACT,OAAO,CAAC,GAAG,CAAC,SAAS,CAAC,CAAC,IAAI;gBACvB,2BAA2B;gBAC3B,IAAI,CAAC,GAAG,EAAE;oBACN,kCAAkC;oBAClC,GAAG,GAAG,IAAI,IAAI,IAAI,CAAC;iBACtB;YACL,CAAC,CAAC,CAAC;SACN;KACJ;SACI,IAAI,IAAI,YAAY,KAAK,EAAE;QAC5B,IAAI,CAAC,OAAO,CAAC,SAAS,CAAC,CAAC,IAAI;YACxB,GAAG,GAAG,GAAG,IAAI,WAAW,CAAC,IAAI,EAAE,OAAO,CAAC,CAAC;QAC5C,CAAC,CAAC,CAAC;KACN;SACI;QACD,GAAG,GAAG,IAAI,CAAC;KACd;IAED,OAAO,GAAG,CAAC;AACf,CAAC;AAED;;GAEG;AACH;IAAA;IA0kBA,CAAC;IA1iBG,sBAAW,8BAAY;QAVvB;;;;;;;;;WASG;aACH;YACI,OAAO,IAAI,CAAC,cAAc,CAAC,gBAAgB,CAAC;QAChD,CAAC;QAED;;;;;;WAMG;aACH,UAAwB,WAAkC;YACtD,IAAI,CAAC,cAAc,CAAC,gBAAgB,GAAG,WAAW,CAAC;QACvD,CAAC;;;OAXA;IAaD;;OAEG;IACI,gCAAiB,GAAxB;QACI,IAAI,CAAC,UAAU,EAAE,CAAC;QAClB,IAAI,IAAI,CAAC,qBAAqB,EAAE;YAC5B,IAAM,cAAc,GAAG,IAAI,CAAC;YAE5B,KAAK,IAAM,YAAY,IAAI,IAAI,CAAC,qBAAqB,EAAE;gBACnD,IAAM,QAAQ,GAAG,IAAI,CAAC,qBAAqB,CAAC,YAAY,CAAC,CAAC;gBAC1D,IAAI,CAAC,mBAAmB,CAAC,QAAQ,CAAC,CAAC;aACtC;SACJ;IACL,CAAC;IAEM,mBAAI,GAAX;QACI,IAAI,CAAC,iBAAiB,GAAG,EAAE,CAAC;QAC5B,IAAI,CAAC,cAAc,GAAG,EAAE,CAAC;QACzB,IAAI,CAAC,cAAc,GAAG,EAAE,CAAC;QACzB,IAAI,CAAC,eAAe,GAAG,CAAC,CAAC;QACzB,IAAI,CAAC,qBAAqB,GAAG,EAAE,CAAC;QAChC,IAAI,CAAC,MAAM,GAAG,IAAI,CAAC,MAAM,IAAI,IAAI,CAAC,YAAY,EAAE,CAAC,CAAC,0BAA0B;IAChF,CAAC;IAED;;;;;;OAMG;IACI,oCAAqB,GAA5B,UAA6B,KAAK;QAC9B,IAAI,kBAAkB,GAA+C,EAAE,CAAC;QAExE,IAAI,cAAc,CAAC,YAAY,IAAI,KAAK,EAAE;YACtC,KAAK,CAAC,QAAQ,GAAG,KAAK,CAAC;SAC1B;QAED,IAAI,WAAW,CAAC,KAAK,CAAC,OAAO,EAAE,IAAI,CAAC,cAAc,CAAC,EAAE;YACjD,KAAK,CAAC,QAAQ,GAAG,KAAK,CAAC;YACvB,KAAK,CAAC,QAAQ,GAAG,KAAK,CAAC;SAC1B;QAED,kBAAkB,CAAC,YAAY,GAAG,WAAW,CAAC,KAAK,CAAC,QAAQ,EAAE,IAAI,CAAC,eAAe,CAAC,IAAI,KAAK,CAAC;QAC7F,kBAAkB,CAAC,YAAY,GAAG,WAAW,CAAC,KAAK,CAAC,QAAQ,EAAE,IAAI,CAAC,eAAe,CAAC,IAAI,KAAK,CAAC;QAE7F,OAAO,kBAAkB,CAAC;IAC9B,CAAC;IAED;;;;;OAKG;IACI,qBAAM,GAAb,UAAc,QAAQ,EAAE,QAAkB;QACtC,QAAQ,CAAC,cAAc,CAAC,IAAI,CAAC,QAAQ,CAAC,CAAC;IAC3C,CAAC;IAED;;;;OAIG;IACI,2BAAY,GAAnB,UAAoB,QAAkB;QAClC,IAAI,CAAC,cAAc,CAAC,IAAI,CAAC,QAAQ,CAAC,CAAC;IACvC,CAAC;IAEM,yBAAU,GAAjB;QACI,IAAI,IAAI,CAAC,aAAa,EAAE;YACpB,KAAK,IAAI,EAAE,GAAG,CAAC,EAAE,EAAE,GAAG,IAAI,CAAC,aAAa,CAAC,MAAM,EAAE,EAAE,EAAE,EAAE;gBACnD,IAAI,QAAQ,GAAG,IAAI,CAAC,aAAa,CAAC,EAAE,CAAC,CAAC;gBACtC,IAAI,CAAC,cAAc,CAAC,QAAQ,CAAC,IAAI,CAAC,GAAG,QAAQ,CAAC;gBAC9C,IAAI,CAAC,qBAAqB,CAAC,QAAQ,CAAC,IAAI,CAAC,GAAG,QAAQ,CAAC;gBACrD,oBAAoB,CAAC,QAAQ,CAAC,CAAC;aAClC;YACD,IAAI,CAAC,aAAa,GAAG,SAAS,CAAC;YAC/B,KAAK,IAAM,aAAa,IAAI,IAAI,CAAC,cAAc,EAAE;gBAC7C,IAAI,QAAQ,GAAG,IAAI,CAAC,cAAc,CAAC,aAAa,CAAC,CAAC;gBAClD,IAAM,kBAAkB,GAAG,MAAM,CAAC,cAAc,CAAC,QAAQ,CAAC,SAAS,CAAC,CAAC,WAAW,CAAC,IAAI,CAAC;gBACtF,QAAQ,CAAC,gBAAgB,GAAG,IAAI,CAAC,cAAc,CAAC,kBAAkB,CAAC,CAAC;gBACpE,IAAI,QAAQ,CAAC,gBAAgB,EAAE;oBAC3B,QAAQ,CAAC,gBAAgB,CAAC,kBAAkB,CAAC,IAAI,CAAC,QAAQ,CAAC,CAAC;iBAC/D;gBACD,QAAQ,CAAC,KAAK,GAAG,EAAE,CAAC;gBACpB,IAAM,MAAM,GAAG,cAAc,CAAC,oBAAoB,CAAC,QAAQ,EAAE,SAAS,EAAE,IAAI,CAAC,CAAC;gBAC9E,KAAK,IAAM,KAAK,IAAI,MAAM,EAAE;oBACxB,QAAQ,CAAC,KAAK,CAAC,KAAK,CAAC,GAAG,MAAM,CAAC,KAAK,CAAC,CAAC;iBACzC;aACJ;SACJ;QAED,SAAS,oBAAoB,CAAC,QAAQ;YAClC,IAAI,QAAQ,CAAC,SAAS,CAAC,gBAAgB,EAAE;gBACrC,KAAK,IAAM,IAAI,IAAI,QAAQ,CAAC,SAAS,CAAC,gBAAgB,EAAE;oBACpD,IAAM,cAAc,GAAG,QAAQ,CAAC,gBAAgB,CAAC,IAAI,CAAC,CAAC;oBACvD,IAAI,cAAc,EAAE;wBAChB,IAAM,IAAI,GAAG,QAAQ,CAAC,SAAS,CAAC,gBAAgB,CAAC,IAAI,CAAC,EAAE,CAAC;wBACzD,IAAI,cAAc,CAAC,IAAI,KAAK,KAAK,EAAE;4BAC/B,cAAc,CAAC,EAAE,GAAG,IAAI,CAAC;yBAC5B;6BACI;4BACD,cAAc,CAAC,IAAI,GAAG,IAAI,CAAC;yBAC9B;qBACJ;iBACJ;aACJ;QACL,CAAC;QACD,OAAO,IAAI,CAAC,cAAc,CAAC;IAC/B,CAAC;IAED;;;;;;;;;;;OAWG;IACI,2BAAY,GAAnB,UAAoB,GAAG,EAAE,QAAQ;QAC7B,IAAI,CAAC,GAAG,CAAC,MAAM,EAAE;YACb,IAAI,CAAC,cAAc,CAAC,MAAM,EAAE;gBACxB,cAAc,CAAC,MAAM,GAAG,CAAC,CAAC;aAC7B;YAED,GAAG,CAAC,MAAM,GAAG,QAAQ,GAAG,QAAQ,CAAC,IAAI,GAAG,GAAG,GAAG,EAAE,cAAc,CAAC,MAAM,CAAC;SACzE;QAED,OAAO,KAAK,CAAC;IACjB,CAAC;IAGD;;;;;;SAMK;IACE,kCAAmB,GAA1B,UAA2B,SAAS,IAAI,CAAC;IAAA,CAAC;IAE1C;;;;;;;;;;;OAWG;IACI,6BAAc,GAArB,UAAsB,YAAY,EAAE,cAAc,EAAE,gBAAgB,EAAE,gBAAgB;QAClF,oEAAoE;QACpE,IAAM,KAAK,GAAG,cAAc,CAAC,KAAK,CAAC;QACnC,IAAM,OAAO,GAAG,KAAK,IAAI,OAAO,CAAC,KAAK,CAAC,KAAK,QAAQ,IAAI,OAAO,CAAC,KAAK,CAAC,KAAK,QAAQ,CAAC;QAEpF,IAAI,OAAO,IAAI,CAAC,MAAM,CAAC,gBAAgB,IAAI,cAAc,CAAC,GAAG,IAAI,cAAc,CAAC,GAAG,EAAE;YACjF,gBAAgB,CAAC,YAAY,CAAC,GAAG;gBAC7B,IAAI,EAAE,cAAc,CAAC,KAAK;gBAC1B,IAAI,EAAE,cAAc,CAAC,IAAI;gBACzB,EAAE,EAAE,cAAc,CAAC,EAAE;gBACrB,OAAO,SAAA;aACV,CAAC;YAEF,OAAO,cAAc,CAAC,KAAK,CAAC;SAC/B;QAED,wEAAwE;QACxE,cAAc,CAAC,QAAQ,GAAG,KAAK,CAAC;QAChC,cAAc,CAAC,QAAQ,GAAG,KAAK,CAAC;QAChC,gBAAgB,CAAC,YAAY,CAAC,GAAG,cAAc,CAAC;QAEhD,0BAA0B;QAC1B,IAAI,cAAc,CAAC,GAAG,IAAI,cAAc,CAAC,GAAG,EAAE;YAC1C,IAAM,YAAU,GAAG,cAAc,CAAC,GAAG,CAAC;YAEtC,cAAc,CAAC,GAAG,GAAG,CAAC,SAAS,CAAC;gBAC5B,8EAA8E;gBAC9E,IAAM,IAAI,GAAG,YAAY,CAAC;gBAE1B,OAAO,SAAS,CAAC,CAAC,KAAK;oBACnB,IAAI,YAAU,EAAE;wBACZ,KAAK,GAAG,YAAU,CAAC,IAAI,CAAC,IAAI,EAAE,KAAK,CAAC,CAAC;qBACxC;oBAED,IAAI,CAAC,cAAc,CAAC,SAAS,EAAE;wBAC3B,IAAI,CAAC,OAAK,IAAM,CAAC,GAAG,KAAK,CAAC;qBAC7B;gBACL,CAAC,CAAC;YACN,CAAC,CAAC,EAAE,CAAC;YAEL,IAAM,YAAU,GAAG,cAAc,CAAC,GAAG,CAAC;YAEtC,cAAc,CAAC,GAAG,GAAG,CAAC,SAAS,GAAG;gBAC9B,wEAAwE;gBACxE,IAAM,IAAI,GAAG,YAAY,CAAC;gBAE1B,OAAO,SAAS,CAAC;oBACb,IAAI,YAAU,EAAE;wBACZ,IAAI,cAAc,CAAC,SAAS,EAAE;4BAC1B,OAAO,YAAU,CAAC,IAAI,CAAC,IAAI,EAAE,SAAS,CAAC,CAAC;yBAC3C;wBAED,OAAO,YAAU,CAAC,IAAI,CAAC,IAAI,EAAE,IAAI,CAAC,OAAK,IAAM,CAAC,CAAC,CAAC;qBACnD;oBAED,OAAO,IAAI,CAAC,OAAK,IAAM,CAAC,CAAC;gBAC7B,CAAC,CAAC;YACN,CAAC,CAAC,EAAE,CAAC;YAEL,IAAI,CAAC,cAAc,CAAC,SAAS,EAAE;gBAC3B,gBAAgB,CAAC,OAAK,YAAc,CAAC,GAAG,EAAE,UAAU,EAAE,KAAK,EAAE,QAAQ,EAAE,IAAI,EAAE,CAAC;aACjF;YAED,OAAO,cAAc,CAAC,KAAK,CAAC;YAC5B,OAAO,cAAc,CAAC,QAAQ,CAAC;SAClC;IACL,CAAC;IAED;;;;;;;;OAQG;IACH,mEAAmE;IAC5D,oBAAK,GAAZ,UAAa,GAAG,EAAE,QAAS;QACvB,IAAI,IAAI,CAAC;QAET,IAAI,GAAG,YAAY,IAAI,EAAE;YACrB,OAAO,IAAI,IAAI,CAAC,GAAG,CAAC,OAAO,EAAE,CAAC,CAAC;SAClC;aACI,IAAI,GAAG,YAAY,KAAK,EAAE;YAC3B,IAAI,GAAG,EAAE,CAAC;YAEV,KAAK,IAAI,EAAE,GAAG,CAAC,EAAE,EAAE,GAAG,GAAG,CAAC,MAAM,EAAE,EAAE,EAAE,EAAE;gBACpC,IAAI,CAAC,EAAE,CAAC,GAAG,IAAI,CAAC,KAAK,CAAC,GAAG,CAAC,EAAE,CAAC,EAAE,QAAQ,CAAC,CAAC;aAC5C;YAED,OAAO,IAAI,CAAC;SACf;aACI,IAAI,QAAQ,IAAI,GAAG,YAAY,QAAQ,EAAE;YAC1C,IAAI,GAAG,IAAI,QAAQ,EAAE,CAAC;YAEtB,KAAK,IAAM,IAAI,IAAI,GAAG,EAAE;gBACpB,IAAI,IAAI,IAAI,QAAQ,IAAI,CAAC,CAAC,GAAG,CAAC,IAAI,CAAC,YAAY,QAAQ,CAAC,EAAE;oBACtD,IAAM,cAAc,GAAG,IAAI,CAAC,kBAAkB,CAAC,IAAI,EAAE,QAAQ,CAAC,IAAI,EAAE,CAAC;oBAErE,IAAI,GAAG,CAAC,cAAc,CAAC,IAAI,CAAC,EAAE;wBAC1B,IAAI,CAAC,IAAI,CAAC,GAAG,IAAI,CAAC,KAAK,CAAC,GAAG,CAAC,IAAI,CAAC,EAAE,cAAc,CAAC,EAAE,IAAI,cAAc,CAAC,IAAI,IAAI,IAAI,CAAC,CAAC;qBACxF;iBACJ;aACJ;YAED,OAAO,IAAI,CAAC;SACf;aACI,IAAI,GAAG,YAAY,MAAM,EAAE;YAC5B,IAAI,GAAG,EAAE,CAAC;YAEV,KAAK,IAAM,KAAK,IAAI,GAAG,EAAE;gBACrB,IAAI,GAAG,CAAC,cAAc,CAAC,KAAK,CAAC,EAAE;oBAC3B,IAAI,CAAC,KAAK,CAAC,GAAG,IAAI,CAAC,KAAK,CAAC,GAAG,CAAC,KAAK,CAAC,CAAC,CAAC;iBACxC;aACJ;YAED,OAAO,IAAI,CAAC;SACf;aACI;YACD,OAAO,GAAG,CAAC;SACd;IACL,CAAC;IAED;;;;;;;;;;;OAWG;IACI,6BAAc,GAArB,UAAsB,aAAa,EAAE,aAAa;QAAE,cAAO;aAAP,UAAO,EAAP,qBAAO,EAAP,IAAO;YAAP,6BAAO;;QACvD,OAAO,aAAa,CAAC;IACzB,CAAC;IAAA,CAAC;IAEF;;;;;;;GAOD;IACQ,yBAAU,GAAjB,UAAkB,GAAG,EAAE,OAAO;QAC1B,OAAO,IAAI,CAAC,QAAQ,CAAC,GAAG,EAAE,GAAG,CAAC,WAAW,EAAE,IAAI,EAAE,IAAI,EAAE,SAAS,EAAE,IAAI,EAAE,IAAI,EAAE,OAAO,CAAC,CAAC;IAC3F,CAAC;IAED;;;;OAIG;IACI,oCAAqB,GAA5B,UAA6B,EAAE;QAC3B,EAAE,EAAE,CAAC;IACT,CAAC;IAwCI;;;;;;;;;;;GAWD;IACI,+BAAgB,GAAvB,UAAwB,QAAQ,EAAE,KAAK,EAAE,cAAc;QACpD,IAAI,YAAY,GAAG,EAAE,CAAC;QAEtB,IAAI,KAAK,CAAC,KAAK,CAAC,oBAAoB,CAAC,EAAE;YACnC,YAAY,GAAG,MAAM,CAAC,EAAE,CAAC;SAC5B;QAEL,0DAA0D;QACtD,IAAI,cAAc,IAAI,cAAc,CAAC,UAAU,IAAI,KAAK,IAAI,YAAY,EAAE;YACtE,IAAI,YAAY,EAAE;gBACd,KAAK,IAAI,EAAE,GAAG,CAAC,EAAE,EAAE,GAAG,cAAc,CAAC,UAAU,CAAC,MAAM,EAAE,EAAE,EAAE,EAAE;oBAC1D,IAAI,YAAY,IAAI,cAAc,CAAC,UAAU,CAAC,EAAE,CAAC,CAAC,IAAI,EAAE;wBACpD,QAAQ,GAAG,cAAc,CAAC,UAAU,CAAC,EAAE,CAAC,CAAC;qBAC5C;iBACJ;aACJ;SACJ;aACI;YACD,IAAM,QAAQ,GAAG,IAAI,CAAC,aAAa,CAAC,QAAQ,EAAE,YAAY,CAAC,CAAC;YAE5D,IAAI,QAAQ,EAAE;gBACV,QAAQ,GAAG,QAAQ,CAAC;aACvB;SACJ;QACD,OAAO,QAAQ,CAAC;IACpB,CAAC;IAED;;;;;;;;OAQG;IACI,4BAAa,GAApB,UAAqB,QAAQ,EAAE,YAAY;QACvC,IAAI,QAAQ,CAAC,IAAI,IAAI,YAAY,EAAE;YAC/B,OAAO,QAAQ,CAAC;SACnB;QAED,KAAK,IAAI,EAAE,GAAG,CAAC,EAAE,EAAE,GAAG,QAAQ,CAAC,YAAY,CAAC,MAAM,EAAE,EAAE,EAAE,EAAE;YACtD,IAAM,QAAQ,GAAG,IAAI,CAAC,aAAa,CAAC,QAAQ,CAAC,YAAY,CAAC,EAAE,CAAC,EAAE,YAAY,CAAC,CAAC;YAE7E,IAAI,QAAQ,EAAE;gBACV,OAAO,QAAQ,CAAC;aACnB;SACJ;QAED,OAAO,IAAI,CAAC;IAChB,CAAC;IAED;;;;;;;;OAQG;IACI,4BAAa,GAApB,UAAqB,QAAQ;QACzB,OAAO,QAAQ,CAAC,UAAU,EAAE;YACxB,QAAQ,GAAG,QAAQ,CAAC,UAAU,CAAC;SAClC;QAED,OAAO,QAAQ,CAAC;IACpB,CAAC;IAEI;;;;;;;;;;GAUD;IACI,iCAAkB,GAAzB,UAA0B,QAAQ,EAAE,KAAK,EAAE,cAAc;QACtD,QAAQ,GAAG,IAAI,CAAC,gBAAgB,CAAC,QAAQ,EAAE,KAAK,EAAE,cAAc,CAAC,CAAC;QAElE,IAAM,cAAc,GAAG,IAAI,CAAC,YAAY,CAAC;QAEzC,IAAI,KAAK,EAAE;YACP,IAAI,CAAC,YAAY,GAAG,SAAS,WAAW;gBACpC,OAAO,IAAI,CAAC;YAChB,CAAC,CAAC;SACL;QAED,IAAM,QAAQ,GAAG,IAAI,QAAQ,EAAE,CAAC;QAChC,IAAI,CAAC,YAAY,GAAG,cAAc,CAAC;QAEnC,IAAI,KAAK,EAAE;YACP,QAAQ,CAAC,MAAM,GAAG,KAAK,CAAC;SAC3B;QAED,OAAO,QAAQ,CAAC;IACpB,CAAC;IAED;;;;;;;;OAQG;IACI,iCAAkB,GAAzB,UAA0B,IAAI,EAAE,QAAQ;QACpC,IAAI,QAAQ,IAAI,CAAC,QAAQ,IAAI,MAAM,CAAC,IAAI,QAAQ,CAAC,gBAAgB,IAAI,QAAQ,CAAC,gBAAgB,CAAC,IAAI,CAAC,EAAE;YAClG,OAAO,QAAQ,CAAC,gBAAgB,CAAC,IAAI,CAAC,CAAC;SAC1C;aACI,IAAI,QAAQ,IAAI,QAAQ,CAAC,cAAc,EAAE;YAC1C,OAAO,IAAI,CAAC,kBAAkB,CAAC,IAAI,EAAE,QAAQ,CAAC,cAAc,CAAC,CAAC;SACjE;QAED,OAAO,IAAI,CAAC;IAChB,CAAC;IAED;;;;;;;;OAQG;IACI,mCAAoB,GAA3B,UAA4B,QAAQ,EAAE,WAAW,EAAE,cAAc;QAC7D,IAAI,CAAC,WAAW,EAAE;YACd,WAAW,GAAG,EAAE,CAAC;SACpB;QAED,IAAI,QAAQ,CAAC,gBAAgB,EAAE;YAC3B,KAAK,IAAM,IAAI,IAAI,QAAQ,CAAC,gBAAgB,EAAE;gBAC1C,IAAI,cAAc,IAAI,CAAC,QAAQ,CAAC,gBAAgB,CAAC,IAAI,CAAC,CAAC,SAAS,EAAE;oBAC9D,WAAW,CAAC,IAAI,CAAC,GAAG,QAAQ,CAAC,gBAAgB,CAAC,IAAI,CAAC,CAAC;iBACvD;aACJ;SACJ;QAED,IAAI,QAAQ,CAAC,cAAc,EAAE;YACzB,IAAI,CAAC,oBAAoB,CAAC,QAAQ,CAAC,cAAc,EAAE,WAAW,EAAE,cAAc,CAAC,CAAC;SACnF;QAED,OAAO,WAAW,CAAC;IACvB,CAAC;IAED;;;;;OAKG;IACI,4BAAa,GAApB;QACI,IAAM,MAAM,GAAG,MAAM,CAAC,MAAM,CAAC,IAAI,CAAC,CAAC;QACnC,MAAM,CAAC,IAAI,EAAE,CAAC;QACd,OAAO,MAAM,CAAC;IAClB,CAAC;IAED;;;;MAIE;IACK,2BAAY,GAAnB;QACI,OAAO,IAAI,iCAAe,EAAE,CAAC;IACjC,CAAC;IApjBM,6BAAc,GAAG,cAAc,CAAC;IAyVvC;;;;;;;;;;;;;MAaE;IACK,uBAAQ,GAAG,UAAU,CAAC,QAAQ,CAAC;IAEtC;;;;;;;;MAQE;IACK,uBAAQ,GAAG,UAAU,CAAC,QAAQ,CAAC;IAEtC;;;;;;;;OAQG;IACI,2BAAY,GAAG,UAAU,CAAC,YAAY,CAAC;IAyLlD,qBAAC;CAAA,AA1kBD,IA0kBC;AA1kBY,wCAAc","sourcesContent":["import * as serializer from './serializer';\nimport { SupertypeLogger } from './SupertypeLogger';\nimport { StatsdClientInterface } from './StatsdClientInterface';\nexport type CreateTypeForName = {\n    name?: string;\n    toClient?: boolean;\n    toServer?: boolean;\n    isLocal?: boolean;\n}\n\nexport type Getter = {\n    get: any;\n}\n\n/**\n * this is pretty much the class (the template itself)\n * Try to unify this with the Supertype Type (maybe make this a partial, have supertype extend this)\n */\nexport type ConstructorTypeBase = Function & {\n    __shadowParent__: any;\n    props?: any;\n    __parent__: any;\n    __createParameters__: any;\n    functionProperties: any;\n    isObjectTemplate: any;\n    extend: any;\n    staticMixin: any;\n    mixin: any;\n    fromPOJO: any;\n    fromJSON: any;\n    getProperties: (includeVirtual) => any;\n    prototype: any;\n    defineProperties: any;\n    objectProperties: any;\n    parentTemplate: any;\n    createProperty: any;\n    __injections__: any;\n}\n\nexport interface ConstructorType extends ConstructorTypeBase {\n    new();\n}\n\nexport type ObjectTemplateClone = typeof ObjectTemplate;\n\n\n/**\n * Allow the property to be either a boolean a function that returns a boolean or a string\n * matched against a rule set array of string in ObjectTemplate\n *\n * @param  prop unknown\n * @param ruleSet unknown\n *\n * @returns {function(this:ObjectTemplate)}\n */\nfunction processProp(prop, ruleSet) {\n    var ret = null;\n\n    if (typeof (prop) === 'function') {\n        ret = prop.call(ObjectTemplate);\n    }\n    else if (typeof (prop) === 'string') {\n        ret = false;\n\n        if (ruleSet) {\n            ruleSet.map(function i(rule) {\n                // this will always execute\n                if (!ret) {\n                    // double equals or single equals?\n                    ret = rule == prop;\n                }\n            });\n        }\n    }\n    else if (prop instanceof Array) {\n        prop.forEach(function h(prop) {\n            ret = ret || processProp(prop, ruleSet);\n        });\n    }\n    else {\n        ret = prop;\n    }\n\n    return ret;\n}\n\n/**\n * the og ObjectTemplate, what everything picks off of\n */\nexport class ObjectTemplate {\n\n    static lazyTemplateLoad: any;\n    static isLocalRuleSet: any;\n    static nextId: any; // for stashObject\n\n    static __templates__: ConstructorType[];\n    static toServerRuleSet: string[];\n    static toClientRuleSet: string[];\n\n    static templateInterceptor: any;\n    static __dictionary__: { [key: string]: ConstructorType };\n    static __anonymousId__: number;\n    static __templatesToInject__: {};\n    static logger: any;\n    logger: SupertypeLogger;\n    static __templateUsage__: any;\n    static __injections__: Function[];\n    static __toClient__: boolean;\n    static __statsdClient__: StatsdClientInterface;\n    static amorphicStatic = ObjectTemplate;\n\n    /**\n     * Gets the statsDClient\n     *\n     * The statsDClient may be on the amorphic object, but it will always\n     * redirect instead to the statsReference on amorphicStatic\n     *\n     * @static\n     * @type {(StatsDClient | undefined)}\n     * @memberof ObjectTemplate\n     */\n    static get statsdClient(): StatsdClientInterface {\n        return this.amorphicStatic.__statsdClient__;\n    }\n\n    /**\n     * Sets the statsDClient reference on amorphicStatic\n     *\n     * @static\n     * @type {(StatsDClient | undefined)}\n     * @memberof ObjectTemplate\n     */\n    static set statsdClient(statsClient: StatsdClientInterface) {\n        this.amorphicStatic.__statsdClient__ = statsClient;\n    }\n\n    /**\n     * Purpose unknown\n     */\n    static performInjections() {\n        this.getClasses();\n        if (this.__templatesToInject__) {\n            const objectTemplate = this;\n\n            for (const templateName in this.__templatesToInject__) {\n                const template = this.__templatesToInject__[templateName];\n                this._injectIntoTemplate(template);\n            }\n        }\n    }\n\n    static init() {\n        this.__templateUsage__ = {};\n        this.__injections__ = [];\n        this.__dictionary__ = {};\n        this.__anonymousId__ = 1;\n        this.__templatesToInject__ = {};\n        this.logger = this.logger || this.createLogger(); // Create a default logger\n    }\n\n    /**\n     * Purpose unknown\n     *\n     * @param {unknown} props unknown\n     *\n     * @returns {unknown}\n     */\n    static getTemplateProperties(props) {\n        let templateProperties: { __toClient__?: any; __toServer__?: any } = {};\n\n        if (ObjectTemplate.__toClient__ == false) {\n            props.toClient = false;\n        }\n\n        if (processProp(props.isLocal, this.isLocalRuleSet)) {\n            props.toServer = false;\n            props.toClient = false;\n        }\n\n        templateProperties.__toClient__ = processProp(props.toClient, this.toClientRuleSet) != false;\n        templateProperties.__toServer__ = processProp(props.toServer, this.toServerRuleSet) != false;\n\n        return templateProperties;\n    }\n\n    /**\n     * Add a function that will fire on object creation\n     *\n     * @param {unknown} template unknown\n     * @param {Function} injector unknown\n     */\n    static inject(template, injector: Function) {\n        template.__injections__.push(injector);\n    }\n\n    /**\n     * Add a function that will fire on all object creations (apparently)? Just a guess\n     *\n     * @param {Function} injector - unknown\n     */\n    static globalInject(injector: Function) {\n        this.__injections__.push(injector);\n    }\n\n    static getClasses() {\n        if (this.__templates__) {\n            for (let ix = 0; ix < this.__templates__.length; ++ix) {\n                var template = this.__templates__[ix];\n                this.__dictionary__[template.name] = template;\n                this.__templatesToInject__[template.name] = template;\n                processDeferredTypes(template);\n            }\n            this.__templates__ = undefined;\n            for (const templateName1 in this.__dictionary__) {\n                var template = this.__dictionary__[templateName1];\n                const parentTemplateName = Object.getPrototypeOf(template.prototype).constructor.name;\n                template.__shadowParent__ = this.__dictionary__[parentTemplateName];\n                if (template.__shadowParent__) {\n                    template.__shadowParent__.__shadowChildren__.push(template);\n                }\n                template.props = {};\n                const propst = ObjectTemplate._getDefineProperties(template, undefined, true);\n                for (const propd in propst) {\n                    template.props[propd] = propst[propd];\n                }\n            }\n        }\n\n        function processDeferredTypes(template) {\n            if (template.prototype.__deferredType__) {\n                for (const prop in template.prototype.__deferredType__) {\n                    const defineProperty = template.defineProperties[prop];\n                    if (defineProperty) {\n                        const type = template.prototype.__deferredType__[prop]();\n                        if (defineProperty.type === Array) {\n                            defineProperty.of = type;\n                        }\n                        else {\n                            defineProperty.type = type;\n                        }\n                    }\n                }\n            }\n        }\n        return this.__dictionary__;\n    }\n\n    /**\n     * Overridden by other Type Systems to cache or globally identify objects\n     * Also assigns a unique internal Id so that complex structures with\n     * recursive objects can be serialized\n     *\n     * @param {unknown} obj - the object to be passed during creation time\n     * @param {unknown} template - unknown\n     *\n     * @returns {unknown}\n     *\n     * @private\n     */\n    static _stashObject(obj, template) {\n        if (!obj.__id__) {\n            if (!ObjectTemplate.nextId) {\n                ObjectTemplate.nextId = 1;\n            }\n\n            obj.__id__ = 'local-' + template.name + '-' + ++ObjectTemplate.nextId;\n        }\n\n        return false;\n    }\n\n\n    /**\n     * Overridden by other Type Systems to inject other elements\n 
[...]
if","locations":[{"start":{"line":142,"column":12},"end":{"line":153,"column":13}},{"start":{"line":142,"column":12},"end":{"line":153,"column":13}}],"line":142},"12":{"loc":{"start":{"line":143,"column":16},"end":{"line":149,"column":17}},"type":"if","locations":[{"start":{"line":143,"column":16},"end":{"line":149,"column":17}},{"start":{"line":143,"column":16},"end":{"line":149,"column":17}}],"line":143},"13":{"loc":{"start":{"line":144,"column":53},"end":{"line":144,"column":89}},"type":"binary-expr","locations":[{"start":{"line":144,"column":53},"end":{"line":144,"column":83}},{"start":{"line":144,"column":87},"end":{"line":144,"column":89}}],"line":144},"14":{"loc":{"start":{"line":168,"column":24},"end":{"line":168,"column":37}},"type":"binary-expr","locations":[{"start":{"line":168,"column":24},"end":{"line":168,"column":31}},{"start":{"line":168,"column":35},"end":{"line":168,"column":37}}],"line":168},"15":{"loc":{"start":{"line":182,"column":24},"end":{"line":182,"column":31}},"type":"binary-expr","locations":[{"start":{"line":182,"column":24},"end":{"line":182,"column":25}},{"start":{"line":182,"column":29},"end":{"line":182,"column":31}}],"line":182},"16":{"loc":{"start":{"line":207,"column":12},"end":{"line":209,"column":13}},"type":"if","locations":[{"start":{"line":207,"column":12},"end":{"line":209,"column":13}},{"start":{"line":207,"column":12},"end":{"line":209,"column":13}}],"line":207},"17":{"loc":{"start":{"line":219,"column":12},"end":{"line":221,"column":13}},"type":"if","locations":[{"start":{"line":219,"column":12},"end":{"line":221,"column":13}},{"start":{"line":219,"column":12},"end":{"line":221,"column":13}}],"line":219},"18":{"loc":{"start":{"line":229,"column":13},"end":{"line":229,"column":32}},"type":"cond-expr","locations":[{"start":{"line":229,"column":27},"end":{"line":229,"column":28}},{"start":{"line":229,"column":31},"end":{"line":229,"column":32}}],"line":229},"19":{"loc":{"start":{"line":236,"column":8},"end":{"line":238,"column":9}},"type":"if","locations":[{"start":{"line":236,"column":8},"end":{"line":238,"column":9}},{"start":{"line":236,"column":8},"end":{"line":238,"column":9}}],"line":236},"20":{"loc":{"start":{"line":239,"column":8},"end":{"line":245,"column":9}},"type":"if","locations":[{"start":{"line":239,"column":8},"end":{"line":245,"column":9}},{"start":{"line":239,"column":8},"end":{"line":245,"column":9}}],"line":239},"21":{"loc":{"start":{"line":241,"column":16},"end":{"line":243,"column":17}},"type":"if","locations":[{"start":{"line":241,"column":16},"end":{"line":243,"column":17}},{"start":{"line":241,"column":16},"end":{"line":243,"column":17}}],"line":241},"22":{"loc":{"start":{"line":241,"column":20},"end":{"line":241,"column":77}},"type":"binary-expr","locations":[{"start":{"line":241,"column":20},"end":{"line":241,"column":31}},{"start":{"line":241,"column":35},"end":{"line":241,"column":77}}],"line":241}},"s":{"0":0,"1":0,"2":0,"3":0,"4":0,"5":0,"6":0,"7":0,"8":0,"9":0,"10":0,"11":0,"12":0,"13":0,"14":0,"15":0,"16":0,"17":0,"18":0,"19":0,"20":0,"21":0,"22":0,"23":0,"24":0,"25":0,"26":0,"27":0,"28":0,"29":0,"30":0,"31":0,"32":0,"33":0,"34":0,"35":0,"36":0,"37":0,"38":0,"39":0,"40":0,"41":0,"42":0,"43":0,"44":0,"45":0,"46":0,"47":0,"48":0,"49":0,"50":0,"51":0,"52":0,"53":0,"54":0,"55":0,"56":0,"57":0,"58":0,"59":0,"60":0,"61":0,"62":0,"63":0,"64":0,"65":0,"66":0,"67":0,"68":0,"69":0,"70":0,"71":0,"72":0,"73":0,"74":0,"75":0,"76":0,"77":0,"78":0,"79":0,"80":0,"81":0,"82":0,"83":0,"84":0,"85":0,"86":0,"87":0,"88":0,"89":0,"90":0,"91":0,"92":0,"93":0,"94":0,"95":0,"96":0,"97":0,"98":0,"99":0,"100":0,"101":0,"102":0,"103":0,"104":0,"105":0,"106":0,"107":0,"108":0,"109":0,"110":0,"111":0,"112":0,"113":0,"114":0,"115":0,"116":0,"117":0,"118":0,"119":0,"120":0,"121":0,"122":0,"123":0,"124":0,"125":0,"126":0,"127":0,"128":0,"129":0,"130":0,"131":0,"132":0,"133":0,"134":0,"135":0,"136":0,"137":0,"138":0,"139":0,"140":0,"141":0,"142":0,"143":0,"144":0,"145":0,"146":0,"147":0,"148":0,"149":0,"150":0,"151":0,"152":0,"153":0,"154":0,"155":0,"156":0,"157":0,"158":0,"159":0,"160":0,"161":0},"f":{"0":0,"1":0,"2":0,"3":0,"4":0,"5":0,"6":0,"7":0,"8":0,"9":0,"10":0,"11":0,"12":0,"13":0,"14":0,"15":0,"16":0,"17":0,"18":0,"19":0,"20":0,"21":0,"22":0,"23":0,"24":0,"25":0},"b":{"0":[0,0,0],"1":[0,0,0,0,0],"2":[0,0],"3":[0,0],"4":[0,0],"5":[0,0],"6":[0,0],"7":[0,0],"8":[0,0],"9":[0,0],"10":[0,0],"11":[0,0],"12":[0,0],"13":[0,0],"14":[0,0],"15":[0,0],"16":[0,0],"17":[0,0],"18":[0,0],"19":[0,0],"20":[0,0],"21":[0,0],"22":[0,0]},"inputSourceMap":{"version":3,"file":"SupertypeLogger.js","sourceRoot":"","sources":["../src/SupertypeLogger.ts"],"names":[],"mappings":";;;;;;;;;;AAAA,IAAM,UAAU,GAAG,EAAE,EAAE,EAAE,OAAO,EAAE,EAAE,EAAE,OAAO,EAAE,EAAE,EAAE,MAAM,EAAE,EAAE,EAAE,MAAM,EAAE,EAAE,EAAE,OAAO,EAAE,EAAE,EAAE,OAAO,EAAE,CAAC;AAClG,IAAM,UAAU,GAAG,EAAE,OAAO,EAAE,EAAE,EAAE,OAAO,EAAE,EAAE,EAAE,MAAM,EAAE,EAAE,EAAE,MAAM,EAAE,EAAE,EAAE,OAAO,EAAE,EAAE,EAAE,OAAO,EAAE,EAAE,EAAE,CAAC;AAElG,SAAS,QAAQ,CAAC,GAAG;IACjB,OAAO,GAAG,IAAI,IAAI;WACX,OAAO,CAAC,GAAG,CAAC,KAAK,QAAQ;WACzB,CAAC,CAAC,GAAG,YAAY,KAAK,CAAC;WACvB,CAAC,CAAC,GAAG,YAAY,IAAI,CAAC;WACtB,CAAC,CAAC,GAAG,YAAY,KAAK,CAAC,CAAC;AACnC,CAAC;AAaD;IAKI,iBAAiB;IACjB,uBAAuB;IACvB,4BAA4B;IAE5B;QACI,IAAI,CAAC,OAAO,GAAG,EAAE,CAAC;QAClB,IAAI,CAAC,cAAc,GAAG,EAAE,CAAC;QACzB,IAAI,CAAC,KAAK,GAAG,MAAM,CAAC;IACxB,CAAC;IAGD,+BAAK,GAAL;QAAM,cAAc;aAAd,UAAc,EAAd,qBAAc,EAAd,IAAc;YAAd,yBAAc;;QAChB,IAAI,CAAC,GAAG,OAAR,IAAI,kBAAK,EAAE,GAAK,IAAI,GAAE;IAC1B,CAAC;IAED,+BAAK,GAAL;QAAM,cAAc;aAAd,UAAc,EAAd,qBAAc,EAAd,IAAc;YAAd,yBAAc;;QAChB,IAAI,CAAC,GAAG,OAAR,IAAI,kBAAK,EAAE,GAAK,IAAI,GAAE;IAC1B,CAAC;IAED,8BAAI,GAAJ;QAAK,cAAc;aAAd,UAAc,EAAd,qBAAc,EAAd,IAAc;YAAd,yBAAc;;QACf,IAAI,CAAC,GAAG,OAAR,IAAI,kBAAK,EAAE,GAAK,IAAI,GAAE;IAC1B,CAAC;IAED,8BAAI,GAAJ;QAAK,cAAc;aAAd,UAAc,EAAd,qBAAc,EAAd,IAAc;YAAd,yBAAc;;QACf,IAAI,CAAC,GAAG,OAAR,IAAI,kBAAK,EAAE,GAAK,IAAI,GAAE;IAC1B,CAAC;IACD,+BAAK,GAAL;QAAM,cAAc;aAAd,UAAc,EAAd,qBAAc,EAAd,IAAc;YAAd,yBAAc;;QAChB,IAAI,CAAC,GAAG,OAAR,IAAI,kBAAK,EAAE,GAAK,IAAI,GAAE;IAC1B,CAAC;IACD,+BAAK,GAAL;QAAM,cAAc;aAAd,UAAc,EAAd,qBAAc,EAAd,IAAc;YAAd,yBAAc;;QAChB,IAAI,CAAC,GAAG,OAAR,IAAI,kBAAK,EAAE,GAAK,IAAI,GAAE;IAC1B,CAAC;IAED;;;OAGG;IACH,mCAAS,GAAT,UAAU,cAA8B;QACpC,IAAI,CAAC,SAAS,GAAG,cAAc,CAAC;IACpC,CAAC;IAED,8GAA8G;IACtG,6BAAG,GAAX,UAAY,KAAa;QAAE,cAAc;aAAd,UAAc,EAAd,qBAAc,EAAd,IAAc;YAAd,6BAAc;;QACrC,IAAI,GAAG,GAAG,EAAE,CAAC;QACb,IAAM,GAAG,GAAc;YACnB,IAAI,EAAE,CAAC,IAAI,IAAI,EAAE,CAAC,CAAC,WAAW,EAAE;YAChC,GAAG,EAAE,EAAE;YACP,KAAK,EAAE,MAAM;YACb,iBAAiB,EAAE,EAAE;SACxB,CAAC;QAEF,IAAM,eAAe,GAAG,EAAE,CAAC;QAC3B,sCAAsC;QACtC,KAAK,IAAM,IAAI,IAAI,IAAI,CAAC,OAAO,EAAE;YAC7B,GAAG,CAAC,IAAI,CAAC,GAAG,IAAI,CAAC,OAAO,CAAC,IAAI,CAAC,CAAC;YAC/B,eAAe,CAAC,IAAI,CAAC,GAAG,IAAI,CAAC,OAAO,CAAC,IAAI,CAAC,CAAC;SAC9C;QAED,GAAG,CAAC,KAAK,GAAG,KAAK,CAAC;QAClB,GAAG,CAAC,iBAAiB,GAAG,eAAe,CAAC;QAExC,IAAI,CAAC,OAAO,CAAC,UAAC,GAAG,EAAE,KAAK;YACpB,IAAI,KAAK,KAAK,CAAC,IAAI,QAAQ,CAAC,GAAG,CAAC,EAAE;gBAC9B,KAAK,IAAM,MAAM,IAAI,GAAG,EAAE;oBACtB,GAAG,CAAC,MAAM,CAAC,GAAG,GAAG,CAAC,MAAM,CAAC,CAAC;iBAC7B;aACJ;iBACI;gBACD,GAAG,IAAO,GAAG,MAAG,CAAC;aACpB;QACL,CAAC,CAAC,CAAC;QAEH,IAAI,GAAG,CAAC,GAAG,CAAC,MAAM,EAAE;YAChB,GAAG,CAAC,GAAG,IAAI,GAAG,CAAC;SAClB;QAED,IAAI,GAAG,CAAC,MAAM,EAAE;YACZ,IAAI,GAAG,CAAC,MAAM,IAAI,GAAG,CAAC,QAAQ,EAAE;gBAC5B,GAAG,CAAC,GAAG,IAAO,GAAG,CAAC,MAAM,SAAI,GAAG,CAAC,QAAQ,SAAM,CAAC;aAClD;YAED,GAAG,CAAC,GAAG,IAAI,GAAG,CAAC;SAClB;aACI,IAAI,GAAG,CAAC,MAAM,IAAI,GAAG,CAAC,QAAQ,EAAE;YACjC,GAAG,CAAC,GAAG,IAAO,GAAG,CAAC,MAAM,SAAI,GAAG,CAAC,QAAQ,MAAG,CAAC;SAC/C;QAED,IAAI,IAAI,CAAC,SAAS,CAAC,UAAU,CAAC,GAAG,CAAC,KAAK,CAAC,EAAE,GAAG,CAAC,EAAE;YAC5C,IAAI,CAAC,SAAS,OAAd,IAAI,kBAAW,UAAU,CAAC,GAAG,CAAC,KAAK,CAAC,EAAE,GAAG,GAAK,IAAI,GAAE;SACvD;IACL,CAAC;IAED,sCAAY,GAAZ,UAAa,OAAO;QAChB,IAAI,CAAC,OAAO,GAAG,OAAO,CAAC;IAC3B,CAAC;IAED,iHAAiH;IACjH,yCAAe,GAAf,UAAgB,OAAO;QACnB,IAAM,OAAO,GAAG,EAAE,CAAC;QAEnB,KAAK,IAAM,IAAI,IAAI,OAAO,EAAE;YACxB,OAAO,CAAC,IAAI,CAAC,GAAG,IAAI,CAAC;YACrB,IAAI,CAAC,OAAO,CAAC,IAAI,CAAC,GAAG,OAAO,CAAC,IAAI,CAAC,CAAC;SACtC;QAED,OAAO,OAAO,CAAC;IACnB,CAAC;IACD,yCAAyC;IACzC,kCAAQ,GAAR,UAAS,KAAK;QACV,IAAI,MAAM,GAAG,KAAK,CAAC,KAAK,CAAC,GAAG,CAAC,CAAC;QAE9B,KAAK,IAAI,EAAE,GAAG,CAAC,EAAE,EAAE,GAAG,MAAM,CAAC,MAAM,EAAE,EAAE,EAAE,EAAE;YACvC,IAAI,MAAM,GAAG,MAAM,CAAC,EAAE,CAAC,CAAC;YAExB,IAAI,MAAM,CAAC,KAAK,CAAC,GAAG,CAAC,EAAE;gBACnB,IAAI,MAAM,CAAC,EAAE,CAAC,CAAC,KAAK,CAAC,WAAW,CAAC,EAAE;oBAC/B,IAAI,CAAC,cAAc,CAAC,MAAM,CAAC,EAAE,CAAC,GAAG,IAAI,CAAC,cAAc,CAAC,MAAM,CAAC,EAAE,CAAC,IAAI,EAAE,CAAC;oBACtE,IAAI,CAAC,cAAc,CAAC,MAAM,CAAC,EAAE,CAAC,GAAG,MAAM,CAAC,EAAE,CAAC;iBAC9C;qBACI;oBACD,IAAI,CAAC,KAAK,GAAG,MAAM,CAAC,EAAE,CAAC,CAAC;iBAC3B;aACJ;iBACI;gBACD,IAAI,CAAC,KAAK,GAAG,MAAM,CAAC;aACvB;SACJ;IACL,CAAC;IAED,+CAA+C;IAC/C,2CAAiB,GAAjB,UAAkB,cAAc;QAC5B,KAAK,IAAM,IAAI,IAAI,cAAc,EAAE;YAC/B,OAAO,IAAI,CAAC,OAAO,CAAC,IAAI,CAAC,CAAC;SAC7B;IACL,CAAC;IAED,iDAAiD;IACjD,2CAAiB,GAAjB,UAAkB,OAAO;QACrB,IAAI,KAAK,GAA2B,EAAE,CAAC;QAEvC,KAAK,IAAI,IAAI,IAAI,IAAI,EAAE;YACnB,KAAK,CAAC,IAAI,CAAC,GAAG,IAAI,CAAC,IAAI,CAAC,CAAC;SAC5B;QAED,KAAK,CAAC,OAAO,GAAG,OAAO,IAAI,EAAE,CAAC;QAE9B,KAAK,IAAI,MAAM,IAAI,IAAI,CAAC,OAAO,EAAE;YAC7B,KAAK,CAAC,OAAO,CAAC,MAAM,CAAC,GAAG,IAAI,CAAC,OAAO,CAAC,MAAM,CAAC,CAAC;SAChD;QAED,OAAO,KAAwB,CAAC,CAAC,8BAA8B;IACnE,CAAC;IAED,wCAAc,GAAd,UAAe,IAAI;QACf,OAAO,CAAC,CAAC,CAAC,EAAE,CAAC,IAAI,CAAC,QAAQ,EAAE,GAAG,CAAC,CAAC,EAAE,GAAG,CAAC,GAAG,CAAC,CAAC,CAAC,EAAE,IAAI,CAAC,OAAO,EAAE,EAAE,GAAG,CAAC,GAAG,CAAC,CAAC,CAAC,EAAE,IAAI,CAAC,WAAW,EAAE,EAAE,GAAG,CAAC;YAC/F,CAAC,CAAC,CAAC,EAAE,IAAI,CAAC,QAAQ,EAAE,EAAE,GAAG,CAAC,GAAG,CAAC,CAAC,CAAC,EAAE,IAAI,CAAC,UAAU,EAAE,EAAE,GAAG,CAAC,GAAG,CAAC,CAAC,CAAC,EAAE,IAAI,CAAC,UAAU,EAAE,EAAE,GAAG,CAAC;YACxF,CAAC,CAAC,CAAC,EAAE,IAAI,CAAC,eAAe,EAAE,CAAC,GAAG,MAAM,GAAG,CAAC,CAAC,GAAG,IAAI,CAAC,iBAAiB,EAAE,GAAG,EAAE,CAAC,CAAC;QAEhF,SAAS,CAAC,CAAC,CAAC,EAAE,CAAC,EAAE,CAAE;YACf,OAAO,MAAM,CAAC,CAAC,CAAC,CAAC,MAAM,GAAG,CAAC,EAAE;gBACzB,CAAC,GAAG,GAAG,GAAG,CAAC,CAAC;aACf;YAED,OAAO,CAAC,GAAG,CAAC,CAAC,IAAI,EAAE,CAAC,CAAC;QACzB,CAAC;IACL,CAAC;IAED;;;;;;OAMG;IACO,mCAAS,GAAnB,UAAoB,QAAQ,EAAE,SAAS;QAAE,oBAAa;aAAb,UAAa,EAAb,qBAAa,EAAb,IAAa;YAAb,mCAAa;;QAClD,OAAO,CAAC,GAAG,CAAC,IAAI,CAAC,WAAW,CAAC,QAAQ,EAAE,SAAS,CAAC,CAAC,CAAC,CAAK,iCAAiC;IAC7F,CAAC;IAED,qCAAW,GAAX,UAAY,KAAK,EAAE,IAAI;QACnB,IAAI,KAAK,GAAG,IAAI,CAAC,KAAK,CAAC,IAAI,EAAE,EAAC,IAAI,EAAE,CAAC,EAAE,GAAG,EAAE,CAAC,EAAE,KAAK,EAAE,CAAC,EAAE,IAAI,EAAE,CAAC,EAAC,CAAC,CAAC;QAEnE,OAAO,IAAI,CAAC,cAAc,CAAC,IAAI,IAAI,CAAC,IAAI,CAAC,IAAI,CAAC,CAAC,GAAG,IAAI;YAClD,KAAK,CAAC,WAAW,EAAE,GAAG,IAAI;YAC1B,eAAe,CAAC,KAAK,CAAC,CAAC,CAAC,CAAC,IAAI,EAAE,IAAI,CAAC;YACpC,eAAe,CAAC,KAAK,CAAC,CAAC,CAAC,CAAC,GAAG,EAAE,IAAI,CAAC;YACnC,EAAE,CAAC,KAAK,CAAC,CAAC,CAAC,CAAC,CAAC;QAEjB,SAAS,eAAe,CAAE,KAAK,EAAE,aAAa;YAC1C,IAAI,KAAK,EAAE;gBACP,OAAO,KAAK,GAAG,aAAa,CAAC;aAChC;YAED,OAAO,EAAE,CAAC;QACd,CAAC;QAED,SAAS,EAAE,CAAC,CAAC;YACT,IAAI,GAAG,GAAG,EAAE,CAAC;YACb,IAAI,GAAG,GAAG,EAAE,CAAC;YAEb,KAAK,IAAI,IAAI,IAAI,CAAC,EAAE;gBAChB,GAAG,IAAI,GAAG,GAAG,IAAI,GAAG,GAAG,GAAG,IAAI,CAAC,SAAS,CAAC,CAAC,CAAC,IAAI,CAAC,CAAC,CAAC;gBAClD,GAAG,GAAG,GAAG,CAAC;aACb;YAED,IAAI,GAAG,CAAC,MAAM,GAAG,CAAC,EAAE;gBAChB,OAAO,GAAG,GAAG,GAAG,GAAG,GAAG,CAAC;aAC1B;YAED,OAAO,EAAE,CAAC;QACd,CAAC;IACL,CAAC;IAEO,+BAAK,GAAb,UAAc,IAAI,EAAE,KAAK;QACrB,IAAM,CAAC,GAAG,EAAE,CAAC;QACb,IAAM,CAAC,GAAG,EAAE,CAAC;QAEb,KAAK,IAAM,IAAI,IAAI,IAAI,EAAE;YACrB,CAAC,KAAK,CAAC,IAAI,CAAC,CAAC,CAAC,CAAC,CAAC,CAAC,CAAC,CAAC,CAAC,CAAC,CAAC,IAAI,CAAC,GAAG,IAAI,CAAC,IAAI,CAAC,CAAC;SAC5C;QAED,OAAO,CAAC,CAAC,EAAE,CAAC,CAAC,CAAC;IAClB,CAAC;IAED,wFAAwF;IAChF,mCAAS,GAAjB,UAAkB,KAAK,EAAE,GAAG;QACxB,KAAK,GAAG,UAAU,CAAC,KAAK,CAAC,CAAC;QAE1B,IAAI,KAAK,IAAI,UAAU,CAAC,IAAI,CAAC,KAAK,CAAC,EAAE;YACjC,OAAO,IAAI,CAAC;SACf;QAED,IAAI,IAAI,CAAC,cAAc,EAAE;YACrB,KAAK,IAAI,MAAM,IAAI,IAAI,CAAC,cAAc,EAAE;gBACpC,IAAI,GAAG,CAAC,MAAM,CAAC,IAAI,GAAG,CAAC,MAAM,CAAC,IAAI,IAAI,CAAC,cAAc,CAAC,MAAM,CAAC,EAAE;oBAC3D,OAAO,IAAI,CAAC;iBACf;aACJ;SACJ;IACL,CAAC;IACL,sBAAC;AAAD,CAAC,AApPD,IAoPC;AApPY,0CAAe","sourcesContent":["const levelToStr = { 60: 'fatal', 50: 'error', 40: 'warn', 30: 'info', 20: 'debug', 10: 'trace' };\nconst strToLevel = { 'fatal': 60, 'error': 50, 'warn': 40, 'info': 30, 'debug': 20, 'trace': 10 };\n\nfunction isObject(obj) {\n    return obj != null\n        && typeof (obj) === 'object'\n        && !(obj instanceof Array)\n        && !(obj instanceof Date)\n        && !(obj instanceof Error);\n}\n\ntype LoggerFunction = (logLevel: string, logObject: any, ...rawLogData) => void;\n\ntype LogObject = {\n    level: string | number;\n    time: string;\n    msg: string;\n    module?: any;\n    activity?: any;\n    __amorphicContext: any;\n};\n\nexport class SupertypeLogger {\n    context: any;\n    granularLevels: any;\n    level: any;\n\n    // for overriding\n    // sendToLog: Function;\n    // formatDateTime: Function;\n\n    constructor() {\n        this.context = {};\n        this.granularLevels = {};\n        this.level = 'info';\n    }\n\n\n    fatal(...data: any[]): void {\n        this.log(60, ...data);\n    }\n\n    error(...data: any[]): void {\n        this.log(50, ...data);\n    }\n\n    warn(...data: any[]): void {\n        this.log(40, ...data);\n    }\n\n    info(...data: any[]): void {\n        this.log(30, ...data);\n    }\n    debug(...data: any[]): void {\n        this.log(20, ...data);\n    }\n    trace(...data: any[]): void {\n        this.log(10, ...data);\n    }\n\n    /**\n     * assign a custom send to log functionality.\n     * @param {(level: string, data: any) => void} loggerFunction\n     */\n    setLogger(loggerFunction: LoggerFunction) {\n        this.sendToLog = loggerFunction;\n    }\n\n    // Log all arguments assuming the first one is level and the second one might be an object (similar to banyan)\n    private log(level: number, ...data: any[]): void {\n        let msg = '';\n        const obj: LogObject = {\n            time: (new Date()).toISOString(),\n            msg: '',\n            level: 'info', //default info\n            __amorphicContext: {}\n        };\n\n        const amorphicContext = {};\n        // Copy amorphic context into the data\n        for (const prop in this.context) {\n            obj[prop] = this.context[prop];\n            amorphicContext[prop] = this.context[prop];\n        }\n\n        obj.level = level;\n        obj.__amorphicContext = amorphicContext;\n\n        data.forEach((arg, index) => {\n            if (index === 0 && isObject(arg)) {\n                for (const proper in arg) {\n                    obj[proper] = arg[proper];\n                }\n            }\n            else {\n                msg += `${arg} `;\n            }\n        });\n\n        if (obj.msg.length) {\n            obj.msg += ' ';\n        }\n\n        if (msg.length) {\n            if (obj.module && obj.activity) {\n                obj.msg += `${obj.module}[${obj.activity}] - `;\n            }\n\n            obj.msg += msg;\n        }\n        else if (obj.module && obj.activity) {\n            obj.msg += `${obj.module}[${obj.activity}]`;\n        }\n\n        if (this.isEnabled(levelToStr[obj.level], obj)) {\n            this.sendToLog(levelToStr[obj.level], obj, ...data);\n        }\n    }\n\n    startContext(context) {\n        this.context = context;\n    }\n\n    // Save the properties in the context and return a new object that has the properties only so they can be cleared\n    setContextProps(context) {\n        const reverse = {};\n\n        for (const prop in context) {\n            reverse[prop] = true;\n            this.context[prop] = context[prop];\n        }\n\n        return reverse;\n    }\n    // Parse log levels such as warn.activity\n    setLevel(level) {\n        var levels = level.split(';');\n\n        for (var ix = 0; ix < levels.length; ++ix) {\n            var levela = levels[ix];\n\n            if (levela.match(/:/)) {\n                if (levels[ix].match(/(.*):(.*)/)) {\n                    this.granularLevels[RegExp.$1] = this.granularLevels[RegExp.$1] || {};\n                    this.granularLevels[RegExp.$1] = RegExp.$2;\n                }\n                else {\n                    this.level = levels[ix];\n                }\n            }\n            else {\n                this.level = levela;\n            }\n        }\n    }\n\n    // Remove any properties recorded by setContext\n    clearContextProps(contextToClear) {\n        for (const prop in contextToClear) {\n            delete this.context[prop];\n        }\n    }\n\n    // Create a new logger and copy over it's context\n    createChildLogger(context): SupertypeLogger {\n        let child: { [key: string]: any } = {};\n\n        for (let prop in this) {\n            child[prop] = this[prop];\n        }\n\n        child.context = context || {};\n\n        for (let proper in this.context) {\n            child.context[proper] = this.context[proper];\n        }\n\n        return child as SupertypeLogger; // bad practice but should fix\n    }\n\n    formatDateTime(date): string {\n        return f(2, (date.getMonth() + 1), '/') + f(2, date.getDate(), '/') + f(4, date.getFullYear(), ' ') +\n            f(2, date.getHours(), ':') + f(2, date.getMinutes(), ':') + f(2, date.getSeconds(), ':') +\n            f(3, date.getMilliseconds()) + ' GMT' + (0 - date.getTimezoneOffset() / 60);\n\n        function f(z, d, s?) {\n            while (String(d).length < z) {\n                d = '0' + d;\n            }\n\n            return d + (s || '');\n        }\n    }\n\n    /**\n     * this function is designed to be replaced by the consumer of this class.\n     *\n     * @param logLevel - log level\n     * @param logObject - formatted log object, passed in from consumer\n     * @param rawLogData - unformatted and unprocessed version of \"logObject\" param\n     */\n    protected sendToLog(logLevel, logObject, ...rawLogData) {\n        console.log(this.prettyPrint(logLevel, logObject));     // eslint-disable-line no-console\n    }\n\n    prettyPrint(level, json) {\n        let split = this.split(json, {time: 1, msg: 1, level: 1, name: 1});\n\n        return this.formatDateTime(new Date(json.time)) + ': ' +\n            level.toUpperCase() + ': ' +\n            addColonIfToken(split[1].name, ': ') +\n            addColonIfToken(split[1].msg, ': ') +\n            xy(split[0]);\n\n        function addColonIfToken (token, colonAndSpace) {\n            if (token) {\n                return token + colonAndSpace;\n            }\n\n            return '';\n        }\n\n        function xy(j) {\n            var str = '';\n            var sep = '';\n\n            for (var prop in j) {\n                str += sep + prop + '=' + JSON.stringify(j[prop]);\n                sep = ' ';\n            }\n\n            if (str.length > 0) {\n                return '(' + str + ')';\n            }\n\n            return '';\n        }\n    }\n\n    private split(json, props): any[] {\n        const a = {};\n        const b = {};\n\n        for (const prop in json) {\n            (props[prop] ? b : a)[prop] = json[prop];\n        }\n\n        return [a, b];\n    }\n\n    // Logging is enabled if either the level threshold is met or the granular level matches\n    private isEnabled(level, obj) {\n        level = strToLevel[level];\n\n        if (level >= strToLevel[this.level]) {\n            return true;\n        }\n\n        if (this.granularLevels) {\n            for (let levelr in this.granularLevels) {\n                if (obj[levelr] && obj[levelr] == this.granularLevels[levelr]) {\n                    return true;\n                }\n            }\n        }\n    }\n}"]},"all":true},"/Users/mm73779/Documents/Framework/amorphic/components/supertype/src/index.ts":{"path":"/Users/mm73779/Documents/Framework/amorphic/components/supertype/src/index.ts","statementMap":{"0":{"start":{"line":24,"column":0},"end":{"line":24,"column":22}},"1":{"start":{"line":27,"column":21},"end":{"line":27,"column":50}},"2":{"start":{"line":28,"column":23},"end":{"line":28,"column":52}}},"fnMap":{},"branchMap":{},"s":{"0":0,"1":0,"2":0},"f":{},"b":{},"all":true}}